<?xml version="1.0" encoding="UTF-8"?>
<testsuites>
  <testsuite name="C:\Users\hedra\Desktop\Sourcecode\NexusV2\Nexus-backend\phpunit.xml" tests="619" assertions="1566" errors="96" failures="96" skipped="0" time="40.089833">
    <testsuite name="Unit" tests="306" assertions="961" errors="0" failures="0" skipped="0" time="18.389626">
      <testsuite name="Tests\Unit\ActionTest" file="C:\Users\hedra\Desktop\Sourcecode\NexusV2\Nexus-backend\tests\Unit\ActionTest.php" tests="25" assertions="46" errors="0" failures="0" skipped="0" time="1.654037">
        <testcase name="test_agent_execute_action_returns_success_result" file="C:\Users\hedra\Desktop\Sourcecode\NexusV2\Nexus-backend\tests\Unit\ActionTest.php" line="17" class="Tests\Unit\ActionTest" classname="Tests.Unit.ActionTest" assertions="4" time="0.893619"/>
        <testcase name="test_agent_execute_action_handles_reflection_agent" file="C:\Users\hedra\Desktop\Sourcecode\NexusV2\Nexus-backend\tests\Unit\ActionTest.php" line="32" class="Tests\Unit\ActionTest" classname="Tests.Unit.ActionTest" assertions="2" time="0.022188"/>
        <testcase name="test_agent_execute_action_handles_team_agent" file="C:\Users\hedra\Desktop\Sourcecode\NexusV2\Nexus-backend\tests\Unit\ActionTest.php" line="45" class="Tests\Unit\ActionTest" classname="Tests.Unit.ActionTest" assertions="2" time="0.024581"/>
        <testcase name="test_agent_execute_action_handles_specialized_agent" file="C:\Users\hedra\Desktop\Sourcecode\NexusV2\Nexus-backend\tests\Unit\ActionTest.php" line="58" class="Tests\Unit\ActionTest" classname="Tests.Unit.ActionTest" assertions="2" time="0.024022"/>
        <testcase name="test_agent_execute_action_handles_supervisor_agent" file="C:\Users\hedra\Desktop\Sourcecode\NexusV2\Nexus-backend\tests\Unit\ActionTest.php" line="72" class="Tests\Unit\ActionTest" classname="Tests.Unit.ActionTest" assertions="2" time="0.028879"/>
        <testcase name="test_agent_execute_action_validates_required_context" file="C:\Users\hedra\Desktop\Sourcecode\NexusV2\Nexus-backend\tests\Unit\ActionTest.php" line="85" class="Tests\Unit\ActionTest" classname="Tests.Unit.ActionTest" assertions="2" time="0.028869"/>
        <testcase name="test_workflow_execute_action_runs_all_steps" file="C:\Users\hedra\Desktop\Sourcecode\NexusV2\Nexus-backend\tests\Unit\ActionTest.php" line="100" class="Tests\Unit\ActionTest" classname="Tests.Unit.ActionTest" assertions="3" time="0.042972"/>
        <testcase name="test_workflow_execute_action_handles_condition_step" file="C:\Users\hedra\Desktop\Sourcecode\NexusV2\Nexus-backend\tests\Unit\ActionTest.php" line="118" class="Tests\Unit\ActionTest" classname="Tests.Unit.ActionTest" assertions="2" time="0.036095"/>
        <testcase name="test_workflow_execute_action_handles_delay_step" file="C:\Users\hedra\Desktop\Sourcecode\NexusV2\Nexus-backend\tests\Unit\ActionTest.php" line="138" class="Tests\Unit\ActionTest" classname="Tests.Unit.ActionTest" assertions="2" time="0.029452"/>
        <testcase name="test_workflow_execute_action_handles_agent_step" file="C:\Users\hedra\Desktop\Sourcecode\NexusV2\Nexus-backend\tests\Unit\ActionTest.php" line="154" class="Tests\Unit\ActionTest" classname="Tests.Unit.ActionTest" assertions="2" time="0.028600"/>
        <testcase name="test_task_cancel_action_stops_running_task" file="C:\Users\hedra\Desktop\Sourcecode\NexusV2\Nexus-backend\tests\Unit\ActionTest.php" line="181" class="Tests\Unit\ActionTest" classname="Tests.Unit.ActionTest" assertions="2" time="0.053443"/>
        <testcase name="test_task_pause_action_pauses_running_task" file="C:\Users\hedra\Desktop\Sourcecode\NexusV2\Nexus-backend\tests\Unit\ActionTest.php" line="191" class="Tests\Unit\ActionTest" classname="Tests.Unit.ActionTest" assertions="2" time="0.031006"/>
        <testcase name="test_task_resume_action_resumes_paused_task" file="C:\Users\hedra\Desktop\Sourcecode\NexusV2\Nexus-backend\tests\Unit\ActionTest.php" line="201" class="Tests\Unit\ActionTest" classname="Tests.Unit.ActionTest" assertions="2" time="0.031801"/>
        <testcase name="test_task_complete_action_marks_task_completed" file="C:\Users\hedra\Desktop\Sourcecode\NexusV2\Nexus-backend\tests\Unit\ActionTest.php" line="212" class="Tests\Unit\ActionTest" classname="Tests.Unit.ActionTest" assertions="2" time="0.031800"/>
        <testcase name="test_task_fail_action_marks_task_failed" file="C:\Users\hedra\Desktop\Sourcecode\NexusV2\Nexus-backend\tests\Unit\ActionTest.php" line="222" class="Tests\Unit\ActionTest" classname="Tests.Unit.ActionTest" assertions="2" time="0.030697"/>
        <testcase name="test_memory_store_action_creates_memory" file="C:\Users\hedra\Desktop\Sourcecode\NexusV2\Nexus-backend\tests\Unit\ActionTest.php" line="234" class="Tests\Unit\ActionTest" classname="Tests.Unit.ActionTest" assertions="2" time="0.043632"/>
        <testcase name="test_memory_search_action_filters_by_type" file="C:\Users\hedra\Desktop\Sourcecode\NexusV2\Nexus-backend\tests\Unit\ActionTest.php" line="251" class="Tests\Unit\ActionTest" classname="Tests.Unit.ActionTest" assertions="2" time="0.033136"/>
        <testcase name="test_contact_create_action_persists_contact" file="C:\Users\hedra\Desktop\Sourcecode\NexusV2\Nexus-backend\tests\Unit\ActionTest.php" line="267" class="Tests\Unit\ActionTest" classname="Tests.Unit.ActionTest" assertions="2" time="0.027711"/>
        <testcase name="test_contact_update_action_modifies_contact" file="C:\Users\hedra\Desktop\Sourcecode\NexusV2\Nexus-backend\tests\Unit\ActionTest.php" line="282" class="Tests\Unit\ActionTest" classname="Tests.Unit.ActionTest" assertions="1" time="0.029828"/>
        <testcase name="test_contact_delete_action_soft_deletes_contact" file="C:\Users\hedra\Desktop\Sourcecode\NexusV2\Nexus-backend\tests\Unit\ActionTest.php" line="291" class="Tests\Unit\ActionTest" classname="Tests.Unit.ActionTest" assertions="1" time="0.030753"/>
        <testcase name="test_setting_set_action_updates_value" file="C:\Users\hedra\Desktop\Sourcecode\NexusV2\Nexus-backend\tests\Unit\ActionTest.php" line="302" class="Tests\Unit\ActionTest" classname="Tests.Unit.ActionTest" assertions="1" time="0.028777"/>
        <testcase name="test_setting_get_action_returns_typed_value" file="C:\Users\hedra\Desktop\Sourcecode\NexusV2\Nexus-backend\tests\Unit\ActionTest.php" line="314" class="Tests\Unit\ActionTest" classname="Tests.Unit.ActionTest" assertions="1" time="0.027666"/>
        <testcase name="test_log_info_action_creates_log_entry" file="C:\Users\hedra\Desktop\Sourcecode\NexusV2\Nexus-backend\tests\Unit\ActionTest.php" line="329" class="Tests\Unit\ActionTest" classname="Tests.Unit.ActionTest" assertions="1" time="0.030350"/>
        <testcase name="test_log_error_action_creates_log_entry" file="C:\Users\hedra\Desktop\Sourcecode\NexusV2\Nexus-backend\tests\Unit\ActionTest.php" line="346" class="Tests\Unit\ActionTest" classname="Tests.Unit.ActionTest" assertions="1" time="0.030215"/>
        <testcase name="test_log_debug_action_creates_log_entry" file="C:\Users\hedra\Desktop\Sourcecode\NexusV2\Nexus-backend\tests\Unit\ActionTest.php" line="359" class="Tests\Unit\ActionTest" classname="Tests.Unit.ActionTest" assertions="1" time="0.033944"/>
      </testsuite>
      <testsuite name="Tests\Unit\CircuitBreakerTest" file="C:\Users\hedra\Desktop\Sourcecode\NexusV2\Nexus-backend\tests\Unit\CircuitBreakerTest.php" tests="5" assertions="15" errors="0" failures="0" skipped="0" time="4.190477">
        <testcase name="it_allows_request_when_closed" file="C:\Users\hedra\Desktop\Sourcecode\NexusV2\Nexus-backend\tests\Unit\CircuitBreakerTest.php" line="22" class="Tests\Unit\CircuitBreakerTest" classname="Tests.Unit.CircuitBreakerTest" assertions="2" time="0.038399"/>
        <testcase name="it_opens_after_consecutive_failures" file="C:\Users\hedra\Desktop\Sourcecode\NexusV2\Nexus-backend\tests\Unit\CircuitBreakerTest.php" line="35" class="Tests\Unit\CircuitBreakerTest" classname="Tests.Unit.CircuitBreakerTest" assertions="4" time="0.030434"/>
        <testcase name="it_half_opens_after_timeout_and_closes_on_success" file="C:\Users\hedra\Desktop\Sourcecode\NexusV2\Nexus-backend\tests\Unit\CircuitBreakerTest.php" line="66" class="Tests\Unit\CircuitBreakerTest" classname="Tests.Unit.CircuitBreakerTest" assertions="3" time="2.042777"/>
        <testcase name="it_half_opens_and_reopens_on_failure" file="C:\Users\hedra\Desktop\Sourcecode\NexusV2\Nexus-backend\tests\Unit\CircuitBreakerTest.php" line="97" class="Tests\Unit\CircuitBreakerTest" classname="Tests.Unit.CircuitBreakerTest" assertions="2" time="2.051407"/>
        <testcase name="it_gets_status" file="C:\Users\hedra\Desktop\Sourcecode\NexusV2\Nexus-backend\tests\Unit\CircuitBreakerTest.php" line="128" class="Tests\Unit\CircuitBreakerTest" classname="Tests.Unit.CircuitBreakerTest" assertions="4" time="0.027460"/>
      </testsuite>
      <testsuite name="Tests\Unit\DynamicProviderRegistryTest" file="C:\Users\hedra\Desktop\Sourcecode\NexusV2\Nexus-backend\tests\Unit\DynamicProviderRegistryTest.php" tests="4" assertions="16" errors="0" failures="0" skipped="0" time="0.194285">
        <testcase name="it_gets_provider_configuration" file="C:\Users\hedra\Desktop\Sourcecode\NexusV2\Nexus-backend\tests\Unit\DynamicProviderRegistryTest.php" line="19" class="Tests\Unit\DynamicProviderRegistryTest" classname="Tests.Unit.DynamicProviderRegistryTest" assertions="7" time="0.048589"/>
        <testcase name="it_returns_null_for_inactive_provider" file="C:\Users\hedra\Desktop\Sourcecode\NexusV2\Nexus-backend\tests\Unit\DynamicProviderRegistryTest.php" line="50" class="Tests\Unit\DynamicProviderRegistryTest" classname="Tests.Unit.DynamicProviderRegistryTest" assertions="1" time="0.028721"/>
        <testcase name="it_registers_a_new_provider" file="C:\Users\hedra\Desktop\Sourcecode\NexusV2\Nexus-backend\tests\Unit\DynamicProviderRegistryTest.php" line="64" class="Tests\Unit\DynamicProviderRegistryTest" classname="Tests.Unit.DynamicProviderRegistryTest" assertions="3" time="0.032071"/>
        <testcase name="it_syncs_models_for_a_provider" file="C:\Users\hedra\Desktop\Sourcecode\NexusV2\Nexus-backend\tests\Unit\DynamicProviderRegistryTest.php" line="95" class="Tests\Unit\DynamicProviderRegistryTest" classname="Tests.Unit.DynamicProviderRegistryTest" assertions="5" time="0.084905"/>
      </testsuite>
      <testsuite name="Tests\Unit\EncryptedApiKeyStorageTest" file="C:\Users\hedra\Desktop\Sourcecode\NexusV2\Nexus-backend\tests\Unit\EncryptedApiKeyStorageTest.php" tests="5" assertions="19" errors="0" failures="0" skipped="0" time="0.158336">
        <testcase name="it_stores_and_retrieves_encrypted_api_key" file="C:\Users\hedra\Desktop\Sourcecode\NexusV2\Nexus-backend\tests\Unit\EncryptedApiKeyStorageTest.php" line="18" class="Tests\Unit\EncryptedApiKeyStorageTest" classname="Tests.Unit.EncryptedApiKeyStorageTest" assertions="7" time="0.039193"/>
        <testcase name="it_returns_null_for_nonexistent_provider_key" file="C:\Users\hedra\Desktop\Sourcecode\NexusV2\Nexus-backend\tests\Unit\EncryptedApiKeyStorageTest.php" line="41" class="Tests\Unit\EncryptedApiKeyStorageTest" classname="Tests.Unit.EncryptedApiKeyStorageTest" assertions="1" time="0.026018"/>
        <testcase name="it_checks_if_key_exists_for_provider" file="C:\Users\hedra\Desktop\Sourcecode\NexusV2\Nexus-backend\tests\Unit\EncryptedApiKeyStorageTest.php" line="51" class="Tests\Unit\EncryptedApiKeyStorageTest" classname="Tests.Unit.EncryptedApiKeyStorageTest" assertions="2" time="0.034742"/>
        <testcase name="it_updates_existing_api_key" file="C:\Users\hedra\Desktop\Sourcecode\NexusV2\Nexus-backend\tests\Unit\EncryptedApiKeyStorageTest.php" line="65" class="Tests\Unit\EncryptedApiKeyStorageTest" classname="Tests.Unit.EncryptedApiKeyStorageTest" assertions="3" time="0.027994"/>
        <testcase name="it_deactivates_api_key" file="C:\Users\hedra\Desktop\Sourcecode\NexusV2\Nexus-backend\tests\Unit\EncryptedApiKeyStorageTest.php" line="84" class="Tests\Unit\EncryptedApiKeyStorageTest" classname="Tests.Unit.EncryptedApiKeyStorageTest" assertions="6" time="0.030389"/>
      </testsuite>
      <testsuite name="Tests\Unit\ExampleTest" file="C:\Users\hedra\Desktop\Sourcecode\NexusV2\Nexus-backend\tests\Unit\ExampleTest.php" tests="1" assertions="1" errors="0" failures="0" skipped="0" time="0.000137">
        <testcase name="test_that_true_is_true" file="C:\Users\hedra\Desktop\Sourcecode\NexusV2\Nexus-backend\tests\Unit\ExampleTest.php" line="12" class="Tests\Unit\ExampleTest" classname="Tests.Unit.ExampleTest" assertions="1" time="0.000137"/>
      </testsuite>
      <testsuite name="Tests\Unit\HedraSoul\ApprovalInboxServiceTest" file="C:\Users\hedra\Desktop\Sourcecode\NexusV2\Nexus-backend\tests\Unit\HedraSoul\ApprovalInboxServiceTest.php" tests="13" assertions="23" errors="0" failures="0" skipped="0" time="0.580753">
        <testcase name="test_create_produces_pending_request" file="C:\Users\hedra\Desktop\Sourcecode\NexusV2\Nexus-backend\tests\Unit\HedraSoul\ApprovalInboxServiceTest.php" line="52" class="Tests\Unit\HedraSoul\ApprovalInboxServiceTest" classname="Tests.Unit.HedraSoul.ApprovalInboxServiceTest" assertions="3" time="0.037064"/>
        <testcase name="test_approve_sets_approved_status" file="C:\Users\hedra\Desktop\Sourcecode\NexusV2\Nexus-backend\tests\Unit\HedraSoul\ApprovalInboxServiceTest.php" line="75" class="Tests\Unit\HedraSoul\ApprovalInboxServiceTest" classname="Tests.Unit.HedraSoul.ApprovalInboxServiceTest" assertions="4" time="0.057580"/>
        <testcase name="test_approve_dispatches_job" file="C:\Users\hedra\Desktop\Sourcecode\NexusV2\Nexus-backend\tests\Unit\HedraSoul\ApprovalInboxServiceTest.php" line="105" class="Tests\Unit\HedraSoul\ApprovalInboxServiceTest" classname="Tests.Unit.HedraSoul.ApprovalInboxServiceTest" assertions="1" time="0.038639"/>
        <testcase name="test_reject_sets_rejected_status" file="C:\Users\hedra\Desktop\Sourcecode\NexusV2\Nexus-backend\tests\Unit\HedraSoul\ApprovalInboxServiceTest.php" line="126" class="Tests\Unit\HedraSoul\ApprovalInboxServiceTest" classname="Tests.Unit.HedraSoul.ApprovalInboxServiceTest" assertions="1" time="0.034038"/>
        <testcase name="test_reject_does_not_dispatch_job" file="C:\Users\hedra\Desktop\Sourcecode\NexusV2\Nexus-backend\tests\Unit\HedraSoul\ApprovalInboxServiceTest.php" line="150" class="Tests\Unit\HedraSoul\ApprovalInboxServiceTest" classname="Tests.Unit.HedraSoul.ApprovalInboxServiceTest" assertions="1" time="0.028510"/>
        <testcase name="test_defer_sets_deferred_status" file="C:\Users\hedra\Desktop\Sourcecode\NexusV2\Nexus-backend\tests\Unit\HedraSoul\ApprovalInboxServiceTest.php" line="171" class="Tests\Unit\HedraSoul\ApprovalInboxServiceTest" classname="Tests.Unit.HedraSoul.ApprovalInboxServiceTest" assertions="1" time="0.032088"/>
        <testcase name="test_defer_schedules_reminder_job" file="C:\Users\hedra\Desktop\Sourcecode\NexusV2\Nexus-backend\tests\Unit\HedraSoul\ApprovalInboxServiceTest.php" line="195" class="Tests\Unit\HedraSoul\ApprovalInboxServiceTest" classname="Tests.Unit.HedraSoul.ApprovalInboxServiceTest" assertions="1" time="0.057132"/>
        <testcase name="test_get_pending_approvals" file="C:\Users\hedra\Desktop\Sourcecode\NexusV2\Nexus-backend\tests\Unit\HedraSoul\ApprovalInboxServiceTest.php" line="216" class="Tests\Unit\HedraSoul\ApprovalInboxServiceTest" classname="Tests.Unit.HedraSoul.ApprovalInboxServiceTest" assertions="1" time="0.043397"/>
        <testcase name="test_get_approvals_with_status_filter" file="C:\Users\hedra\Desktop\Sourcecode\NexusV2\Nexus-backend\tests\Unit\HedraSoul\ApprovalInboxServiceTest.php" line="251" class="Tests\Unit\HedraSoul\ApprovalInboxServiceTest" classname="Tests.Unit.HedraSoul.ApprovalInboxServiceTest" assertions="2" time="0.050956"/>
        <testcase name="test_get_approval_by_id" file="C:\Users\hedra\Desktop\Sourcecode\NexusV2\Nexus-backend\tests\Unit\HedraSoul\ApprovalInboxServiceTest.php" line="278" class="Tests\Unit\HedraSoul\ApprovalInboxServiceTest" classname="Tests.Unit.HedraSoul.ApprovalInboxServiceTest" assertions="2" time="0.048340"/>
        <testcase name="test_approve_preserves_decision_notes" file="C:\Users\hedra\Desktop\Sourcecode\NexusV2\Nexus-backend\tests\Unit\HedraSoul\ApprovalInboxServiceTest.php" line="297" class="Tests\Unit\HedraSoul\ApprovalInboxServiceTest" classname="Tests.Unit.HedraSoul.ApprovalInboxServiceTest" assertions="1" time="0.043743"/>
        <testcase name="test_reject_preserves_decision_notes" file="C:\Users\hedra\Desktop\Sourcecode\NexusV2\Nexus-backend\tests\Unit\HedraSoul\ApprovalInboxServiceTest.php" line="319" class="Tests\Unit\HedraSoul\ApprovalInboxServiceTest" classname="Tests.Unit.HedraSoul.ApprovalInboxServiceTest" assertions="1" time="0.043651"/>
        <testcase name="test_multiple_approval_cycles" file="C:\Users\hedra\Desktop\Sourcecode\NexusV2\Nexus-backend\tests\Unit\HedraSoul\ApprovalInboxServiceTest.php" line="341" class="Tests\Unit\HedraSoul\ApprovalInboxServiceTest" classname="Tests.Unit.HedraSoul.ApprovalInboxServiceTest" assertions="4" time="0.065614"/>
      </testsuite>
      <testsuite name="Tests\Unit\HedraSoul\HedraMemoryServiceTest" file="C:\Users\hedra\Desktop\Sourcecode\NexusV2\Nexus-backend\tests\Unit\HedraSoul\HedraMemoryServiceTest.php" tests="16" assertions="137" errors="0" failures="0" skipped="0" time="0.997858">
        <testcase name="test_suggest_from_message_creates_pending" file="C:\Users\hedra\Desktop\Sourcecode\NexusV2\Nexus-backend\tests\Unit\HedraSoul\HedraMemoryServiceTest.php" line="32" class="Tests\Unit\HedraSoul\HedraMemoryServiceTest" classname="Tests.Unit.HedraSoul.HedraMemoryServiceTest" assertions="4" time="0.081182"/>
        <testcase name="test_approve_sets_approved_status" file="C:\Users\hedra\Desktop\Sourcecode\NexusV2\Nexus-backend\tests\Unit\HedraSoul\HedraMemoryServiceTest.php" line="58" class="Tests\Unit\HedraSoul\HedraMemoryServiceTest" classname="Tests.Unit.HedraSoul.HedraMemoryServiceTest" assertions="3" time="0.082361"/>
        <testcase name="test_approve_creates_single_fact" file="C:\Users\hedra\Desktop\Sourcecode\NexusV2\Nexus-backend\tests\Unit\HedraSoul\HedraMemoryServiceTest.php" line="83" class="Tests\Unit\HedraSoul\HedraMemoryServiceTest" classname="Tests.Unit.HedraSoul.HedraMemoryServiceTest" assertions="1" time="0.059398"/>
        <testcase name="test_reject_sets_rejected_status" file="C:\Users\hedra\Desktop\Sourcecode\NexusV2\Nexus-backend\tests\Unit\HedraSoul\HedraMemoryServiceTest.php" line="107" class="Tests\Unit\HedraSoul\HedraMemoryServiceTest" classname="Tests.Unit.HedraSoul.HedraMemoryServiceTest" assertions="2" time="0.049003"/>
        <testcase name="test_reject_creates_no_fact" file="C:\Users\hedra\Desktop\Sourcecode\NexusV2\Nexus-backend\tests\Unit\HedraSoul\HedraMemoryServiceTest.php" line="131" class="Tests\Unit\HedraSoul\HedraMemoryServiceTest" classname="Tests.Unit.HedraSoul.HedraMemoryServiceTest" assertions="1" time="0.059479"/>
        <testcase name="test_create_fact_directly" file="C:\Users\hedra\Desktop\Sourcecode\NexusV2\Nexus-backend\tests\Unit\HedraSoul\HedraMemoryServiceTest.php" line="155" class="Tests\Unit\HedraSoul\HedraMemoryServiceTest" classname="Tests.Unit.HedraSoul.HedraMemoryServiceTest" assertions="5" time="0.049056"/>
        <testcase name="test_update_fact_creates_version" file="C:\Users\hedra\Desktop\Sourcecode\NexusV2\Nexus-backend\tests\Unit\HedraSoul\HedraMemoryServiceTest.php" line="182" class="Tests\Unit\HedraSoul\HedraMemoryServiceTest" classname="Tests.Unit.HedraSoul.HedraMemoryServiceTest" assertions="3" time="0.067305"/>
        <testcase name="test_delete_fact" file="C:\Users\hedra\Desktop\Sourcecode\NexusV2\Nexus-backend\tests\Unit\HedraSoul\HedraMemoryServiceTest.php" line="213" class="Tests\Unit\HedraSoul\HedraMemoryServiceTest" classname="Tests.Unit.HedraSoul.HedraMemoryServiceTest" assertions="1" time="0.030153"/>
        <testcase name="test_search_finds_facts" file="C:\Users\hedra\Desktop\Sourcecode\NexusV2\Nexus-backend\tests\Unit\HedraSoul\HedraMemoryServiceTest.php" line="236" class="Tests\Unit\HedraSoul\HedraMemoryServiceTest" classname="Tests.Unit.HedraSoul.HedraMemoryServiceTest" assertions="2" time="0.058256"/>
        <testcase name="test_get_pending_suggestions" file="C:\Users\hedra\Desktop\Sourcecode\NexusV2\Nexus-backend\tests\Unit\HedraSoul\HedraMemoryServiceTest.php" line="258" class="Tests\Unit\HedraSoul\HedraMemoryServiceTest" classname="Tests.Unit.HedraSoul.HedraMemoryServiceTest" assertions="3" time="0.068880"/>
        <testcase name="test_get_facts_returns_approved" file="C:\Users\hedra\Desktop\Sourcecode\NexusV2\Nexus-backend\tests\Unit\HedraSoul\HedraMemoryServiceTest.php" line="293" class="Tests\Unit\HedraSoul\HedraMemoryServiceTest" classname="Tests.Unit.HedraSoul.HedraMemoryServiceTest" assertions="1" time="0.052399"/>
        <testcase name="test_get_facts_with_type_filter" file="C:\Users\hedra\Desktop\Sourcecode\NexusV2\Nexus-backend\tests\Unit\HedraSoul\HedraMemoryServiceTest.php" line="314" class="Tests\Unit\HedraSoul\HedraMemoryServiceTest" classname="Tests.Unit.HedraSoul.HedraMemoryServiceTest" assertions="1" time="0.031767"/>
        <testcase name="test_pbt_100_random_suggestions_facts_only_for_approved" file="C:\Users\hedra\Desktop\Sourcecode\NexusV2\Nexus-backend\tests\Unit\HedraSoul\HedraMemoryServiceTest.php" line="348" class="Tests\Unit\HedraSoul\HedraMemoryServiceTest" classname="Tests.Unit.HedraSoul.HedraMemoryServiceTest" assertions="100" time="0.191159"/>
        <testcase name="test_memory_type_classification" file="C:\Users\hedra\Desktop\Sourcecode\NexusV2\Nexus-backend\tests\Unit\HedraSoul\HedraMemoryServiceTest.php" line="403" class="Tests\Unit\HedraSoul\HedraMemoryServiceTest" classname="Tests.Unit.HedraSoul.HedraMemoryServiceTest" assertions="4" time="0.033156"/>
        <testcase name="test_approve_creates_version_record" file="C:\Users\hedra\Desktop\Sourcecode\NexusV2\Nexus-backend\tests\Unit\HedraSoul\HedraMemoryServiceTest.php" line="436" class="Tests\Unit\HedraSoul\HedraMemoryServiceTest" classname="Tests.Unit.HedraSoul.HedraMemoryServiceTest" assertions="2" time="0.042638"/>
        <testcase name="test_multiple_suggestion_cycles" file="C:\Users\hedra\Desktop\Sourcecode\NexusV2\Nexus-backend\tests\Unit\HedraSoul\HedraMemoryServiceTest.php" line="459" class="Tests\Unit\HedraSoul\HedraMemoryServiceTest" classname="Tests.Unit.HedraSoul.HedraMemoryServiceTest" assertions="4" time="0.041668"/>
      </testsuite>
      <testsuite name="Tests\Unit\HedraSoul\MessageServiceTest" file="C:\Users\hedra\Desktop\Sourcecode\NexusV2\Nexus-backend\tests\Unit\HedraSoul\MessageServiceTest.php" tests="1" assertions="4" errors="0" failures="0" skipped="0" time="0.039054">
        <testcase name="test_it_stores_a_message" file="C:\Users\hedra\Desktop\Sourcecode\NexusV2\Nexus-backend\tests\Unit\HedraSoul\MessageServiceTest.php" line="16" class="Tests\Unit\HedraSoul\MessageServiceTest" classname="Tests.Unit.HedraSoul.MessageServiceTest" assertions="4" time="0.039054"/>
      </testsuite>
      <testsuite name="Tests\Unit\HedraSoul\SessionServiceTest" file="C:\Users\hedra\Desktop\Sourcecode\NexusV2\Nexus-backend\tests\Unit\HedraSoul\SessionServiceTest.php" tests="2" assertions="4" errors="0" failures="0" skipped="0" time="0.092491">
        <testcase name="test_it_creates_a_new_session" file="C:\Users\hedra\Desktop\Sourcecode\NexusV2\Nexus-backend\tests\Unit\HedraSoul\SessionServiceTest.php" line="15" class="Tests\Unit\HedraSoul\SessionServiceTest" classname="Tests.Unit.HedraSoul.SessionServiceTest" assertions="3" time="0.050013"/>
        <testcase name="test_it_retrieves_current_session" file="C:\Users\hedra\Desktop\Sourcecode\NexusV2\Nexus-backend\tests\Unit\HedraSoul\SessionServiceTest.php" line="28" class="Tests\Unit\HedraSoul\SessionServiceTest" classname="Tests.Unit.HedraSoul.SessionServiceTest" assertions="1" time="0.042478"/>
      </testsuite>
      <testsuite name="Tests\Unit\HedraSoul\SoulyActionPolicyServiceTest" file="C:\Users\hedra\Desktop\Sourcecode\NexusV2\Nexus-backend\tests\Unit\HedraSoul\SoulyActionPolicyServiceTest.php" tests="11" assertions="115" errors="0" failures="0" skipped="0" time="0.516108">
        <testcase name="test_chat_only_blocks_write_actions" file="C:\Users\hedra\Desktop\Sourcecode\NexusV2\Nexus-backend\tests\Unit\HedraSoul\SoulyActionPolicyServiceTest.php" line="30" class="Tests\Unit\HedraSoul\SoulyActionPolicyServiceTest" classname="Tests.Unit.HedraSoul.SoulyActionPolicyServiceTest" assertions="4" time="0.051553"/>
        <testcase name="test_chat_only_allows_read_actions" file="C:\Users\hedra\Desktop\Sourcecode\NexusV2\Nexus-backend\tests\Unit\HedraSoul\SoulyActionPolicyServiceTest.php" line="56" class="Tests\Unit\HedraSoul\SoulyActionPolicyServiceTest" classname="Tests.Unit.HedraSoul.SoulyActionPolicyServiceTest" assertions="2" time="0.042669"/>
        <testcase name="test_copilot_mode_enforcement" file="C:\Users\hedra\Desktop\Sourcecode\NexusV2\Nexus-backend\tests\Unit\HedraSoul\SoulyActionPolicyServiceTest.php" line="78" class="Tests\Unit\HedraSoul\SoulyActionPolicyServiceTest" classname="Tests.Unit.HedraSoul.SoulyActionPolicyServiceTest" assertions="3" time="0.036762"/>
        <testcase name="test_operator_mode_enforcement" file="C:\Users\hedra\Desktop\Sourcecode\NexusV2\Nexus-backend\tests\Unit\HedraSoul\SoulyActionPolicyServiceTest.php" line="103" class="Tests\Unit\HedraSoul\SoulyActionPolicyServiceTest" classname="Tests.Unit.HedraSoul.SoulyActionPolicyServiceTest" assertions="3" time="0.047975"/>
        <testcase name="test_autopilot_limited_mode_enforcement" file="C:\Users\hedra\Desktop\Sourcecode\NexusV2\Nexus-backend\tests\Unit\HedraSoul\SoulyActionPolicyServiceTest.php" line="128" class="Tests\Unit\HedraSoul\SoulyActionPolicyServiceTest" classname="Tests.Unit.HedraSoul.SoulyActionPolicyServiceTest" assertions="2" time="0.037913"/>
        <testcase name="test_emergency_paused_blocks_all" file="C:\Users\hedra\Desktop\Sourcecode\NexusV2\Nexus-backend\tests\Unit\HedraSoul\SoulyActionPolicyServiceTest.php" line="152" class="Tests\Unit\HedraSoul\SoulyActionPolicyServiceTest" classname="Tests.Unit.HedraSoul.SoulyActionPolicyServiceTest" assertions="3" time="0.036915"/>
        <testcase name="test_quarantine_blocks_all_intents" file="C:\Users\hedra\Desktop\Sourcecode\NexusV2\Nexus-backend\tests\Unit\HedraSoul\SoulyActionPolicyServiceTest.php" line="177" class="Tests\Unit\HedraSoul\SoulyActionPolicyServiceTest" classname="Tests.Unit.HedraSoul.SoulyActionPolicyServiceTest" assertions="3" time="0.047646"/>
        <testcase name="test_blocked_action_returns_explanation" file="C:\Users\hedra\Desktop\Sourcecode\NexusV2\Nexus-backend\tests\Unit\HedraSoul\SoulyActionPolicyServiceTest.php" line="202" class="Tests\Unit\HedraSoul\SoulyActionPolicyServiceTest" classname="Tests.Unit.HedraSoul.SoulyActionPolicyServiceTest" assertions="3" time="0.032766"/>
        <testcase name="test_100_random_mode_risk_combinations" file="C:\Users\hedra\Desktop\Sourcecode\NexusV2\Nexus-backend\tests\Unit\HedraSoul\SoulyActionPolicyServiceTest.php" line="225" class="Tests\Unit\HedraSoul\SoulyActionPolicyServiceTest" classname="Tests.Unit.HedraSoul.SoulyActionPolicyServiceTest" assertions="85" time="0.106823"/>
        <testcase name="test_policy_result_always_has_required_fields" file="C:\Users\hedra\Desktop\Sourcecode\NexusV2\Nexus-backend\tests\Unit\HedraSoul\SoulyActionPolicyServiceTest.php" line="334" class="Tests\Unit\HedraSoul\SoulyActionPolicyServiceTest" classname="Tests.Unit.HedraSoul.SoulyActionPolicyServiceTest" assertions="4" time="0.038622"/>
        <testcase name="test_allowed_action_returns_explanation" file="C:\Users\hedra\Desktop\Sourcecode\NexusV2\Nexus-backend\tests\Unit\HedraSoul\SoulyActionPolicyServiceTest.php" line="357" class="Tests\Unit\HedraSoul\SoulyActionPolicyServiceTest" classname="Tests.Unit.HedraSoul.SoulyActionPolicyServiceTest" assertions="3" time="0.036465"/>
      </testsuite>
      <testsuite name="Tests\Unit\HedraSoul\SoulyCommandRouterTest" file="C:\Users\hedra\Desktop\Sourcecode\NexusV2\Nexus-backend\tests\Unit\HedraSoul\SoulyCommandRouterTest.php" tests="14" assertions="56" errors="0" failures="0" skipped="0" time="0.648867">
        <testcase name="test_plain_question_returns_answer_intent" file="C:\Users\hedra\Desktop\Sourcecode\NexusV2\Nexus-backend\tests\Unit\HedraSoul\SoulyCommandRouterTest.php" line="46" class="Tests\Unit\HedraSoul\SoulyCommandRouterTest" classname="Tests.Unit.HedraSoul.SoulyCommandRouterTest" assertions="4" time="0.037571"/>
        <testcase name="test_draft_intent_classification" file="C:\Users\hedra\Desktop\Sourcecode\NexusV2\Nexus-backend\tests\Unit\HedraSoul\SoulyCommandRouterTest.php" line="69" class="Tests\Unit\HedraSoul\SoulyCommandRouterTest" classname="Tests.Unit.HedraSoul.SoulyCommandRouterTest" assertions="2" time="0.036439"/>
        <testcase name="test_create_task_intent_classification" file="C:\Users\hedra\Desktop\Sourcecode\NexusV2\Nexus-backend\tests\Unit\HedraSoul\SoulyCommandRouterTest.php" line="90" class="Tests\Unit\HedraSoul\SoulyCommandRouterTest" classname="Tests.Unit.HedraSoul.SoulyCommandRouterTest" assertions="2" time="0.040152"/>
        <testcase name="test_execute_agent_intent_classification" file="C:\Users\hedra\Desktop\Sourcecode\NexusV2\Nexus-backend\tests\Unit\HedraSoul\SoulyCommandRouterTest.php" line="111" class="Tests\Unit\HedraSoul\SoulyCommandRouterTest" classname="Tests.Unit.HedraSoul.SoulyCommandRouterTest" assertions="2" time="0.036080"/>
        <testcase name="test_start_workflow_intent_classification" file="C:\Users\hedra\Desktop\Sourcecode\NexusV2\Nexus-backend\tests\Unit\HedraSoul\SoulyCommandRouterTest.php" line="132" class="Tests\Unit\HedraSoul\SoulyCommandRouterTest" classname="Tests.Unit.HedraSoul.SoulyCommandRouterTest" assertions="2" time="0.030986"/>
        <testcase name="test_schedule_work_intent_classification" file="C:\Users\hedra\Desktop\Sourcecode\NexusV2\Nexus-backend\tests\Unit\HedraSoul\SoulyCommandRouterTest.php" line="153" class="Tests\Unit\HedraSoul\SoulyCommandRouterTest" classname="Tests.Unit.HedraSoul.SoulyCommandRouterTest" assertions="2" time="0.058266"/>
        <testcase name="test_open_approval_intent_classification" file="C:\Users\hedra\Desktop\Sourcecode\NexusV2\Nexus-backend\tests\Unit\HedraSoul\SoulyCommandRouterTest.php" line="174" class="Tests\Unit\HedraSoul\SoulyCommandRouterTest" classname="Tests.Unit.HedraSoul.SoulyCommandRouterTest" assertions="2" time="0.050415"/>
        <testcase name="test_update_profile_intent_classification" file="C:\Users\hedra\Desktop\Sourcecode\NexusV2\Nexus-backend\tests\Unit\HedraSoul\SoulyCommandRouterTest.php" line="195" class="Tests\Unit\HedraSoul\SoulyCommandRouterTest" classname="Tests.Unit.HedraSoul.SoulyCommandRouterTest" assertions="2" time="0.053948"/>
        <testcase name="test_suggest_memory_intent_classification" file="C:\Users\hedra\Desktop\Sourcecode\NexusV2\Nexus-backend\tests\Unit\HedraSoul\SoulyCommandRouterTest.php" line="216" class="Tests\Unit\HedraSoul\SoulyCommandRouterTest" classname="Tests.Unit.HedraSoul.SoulyCommandRouterTest" assertions="2" time="0.038410"/>
        <testcase name="test_suggest_setting_intent_classification" file="C:\Users\hedra\Desktop\Sourcecode\NexusV2\Nexus-backend\tests\Unit\HedraSoul\SoulyCommandRouterTest.php" line="237" class="Tests\Unit\HedraSoul\SoulyCommandRouterTest" classname="Tests.Unit.HedraSoul.SoulyCommandRouterTest" assertions="2" time="0.041613"/>
        <testcase name="test_notify_intent_classification" file="C:\Users\hedra\Desktop\Sourcecode\NexusV2\Nexus-backend\tests\Unit\HedraSoul\SoulyCommandRouterTest.php" line="258" class="Tests\Unit\HedraSoul\SoulyCommandRouterTest" classname="Tests.Unit.HedraSoul.SoulyCommandRouterTest" assertions="2" time="0.062129"/>
        <testcase name="test_risk_levels_match_intent_types" file="C:\Users\hedra\Desktop\Sourcecode\NexusV2\Nexus-backend\tests\Unit\HedraSoul\SoulyCommandRouterTest.php" line="279" class="Tests\Unit\HedraSoul\SoulyCommandRouterTest" classname="Tests.Unit.HedraSoul.SoulyCommandRouterTest" assertions="22" time="0.064928"/>
        <testcase name="test_policy_service_invoked_and_result_included" file="C:\Users\hedra\Desktop\Sourcecode\NexusV2\Nexus-backend\tests\Unit\HedraSoul\SoulyCommandRouterTest.php" line="333" class="Tests\Unit\HedraSoul\SoulyCommandRouterTest" classname="Tests.Unit.HedraSoul.SoulyCommandRouterTest" assertions="5" time="0.056687"/>
        <testcase name="test_command_intent_contains_all_required_fields" file="C:\Users\hedra\Desktop\Sourcecode\NexusV2\Nexus-backend\tests\Unit\HedraSoul\SoulyCommandRouterTest.php" line="358" class="Tests\Unit\HedraSoul\SoulyCommandRouterTest" classname="Tests.Unit.HedraSoul.SoulyCommandRouterTest" assertions="5" time="0.041243"/>
      </testsuite>
      <testsuite name="Tests\Unit\HedraSoul\SoulyContextAssemblerTest" file="C:\Users\hedra\Desktop\Sourcecode\NexusV2\Nexus-backend\tests\Unit\HedraSoul\SoulyContextAssemblerTest.php" tests="10" assertions="31" errors="0" failures="0" skipped="0" time="0.506578">
        <testcase name="test_snapshot_includes_all_required_sections" file="C:\Users\hedra\Desktop\Sourcecode\NexusV2\Nexus-backend\tests\Unit\HedraSoul\SoulyContextAssemblerTest.php" line="58" class="Tests\Unit\HedraSoul\SoulyContextAssemblerTest" classname="Tests.Unit.HedraSoul.SoulyContextAssemblerTest" assertions="10" time="0.044529"/>
        <testcase name="test_token_estimate_calculation" file="C:\Users\hedra\Desktop\Sourcecode\NexusV2\Nexus-backend\tests\Unit\HedraSoul\SoulyContextAssemblerTest.php" line="97" class="Tests\Unit\HedraSoul\SoulyContextAssemblerTest" classname="Tests.Unit.HedraSoul.SoulyContextAssemblerTest" assertions="2" time="0.034073"/>
        <testcase name="test_old_messages_removed_when_over_budget" file="C:\Users\hedra\Desktop\Sourcecode\NexusV2\Nexus-backend\tests\Unit\HedraSoul\SoulyContextAssemblerTest.php" line="119" class="Tests\Unit\HedraSoul\SoulyContextAssemblerTest" classname="Tests.Unit.HedraSoul.SoulyContextAssemblerTest" assertions="2" time="0.045777"/>
        <testcase name="test_excluded_items_contains_keys_and_reasons" file="C:\Users\hedra\Desktop\Sourcecode\NexusV2\Nexus-backend\tests\Unit\HedraSoul\SoulyContextAssemblerTest.php" line="153" class="Tests\Unit\HedraSoul\SoulyContextAssemblerTest" classname="Tests.Unit.HedraSoul.SoulyContextAssemblerTest" assertions="0" time="0.069437"/>
        <testcase name="test_context_snapshot_record_persisted" file="C:\Users\hedra\Desktop\Sourcecode\NexusV2\Nexus-backend\tests\Unit\HedraSoul\SoulyContextAssemblerTest.php" line="187" class="Tests\Unit\HedraSoul\SoulyContextAssemblerTest" classname="Tests.Unit.HedraSoul.SoulyContextAssemblerTest" assertions="1" time="0.059440"/>
        <testcase name="test_snapshot_contains_instruction_content" file="C:\Users\hedra\Desktop\Sourcecode\NexusV2\Nexus-backend\tests\Unit\HedraSoul\SoulyContextAssemblerTest.php" line="211" class="Tests\Unit\HedraSoul\SoulyContextAssemblerTest" classname="Tests.Unit.HedraSoul.SoulyContextAssemblerTest" assertions="2" time="0.054103"/>
        <testcase name="test_snapshot_includes_recent_messages" file="C:\Users\hedra\Desktop\Sourcecode\NexusV2\Nexus-backend\tests\Unit\HedraSoul\SoulyContextAssemblerTest.php" line="236" class="Tests\Unit\HedraSoul\SoulyContextAssemblerTest" classname="Tests.Unit.HedraSoul.SoulyContextAssemblerTest" assertions="3" time="0.053322"/>
        <testcase name="test_snapshot_includes_injected_facts" file="C:\Users\hedra\Desktop\Sourcecode\NexusV2\Nexus-backend\tests\Unit\HedraSoul\SoulyContextAssemblerTest.php" line="262" class="Tests\Unit\HedraSoul\SoulyContextAssemblerTest" classname="Tests.Unit.HedraSoul.SoulyContextAssemblerTest" assertions="3" time="0.042720"/>
        <testcase name="test_snapshot_includes_tool_permissions" file="C:\Users\hedra\Desktop\Sourcecode\NexusV2\Nexus-backend\tests\Unit\HedraSoul\SoulyContextAssemblerTest.php" line="298" class="Tests\Unit\HedraSoul\SoulyContextAssemblerTest" classname="Tests.Unit.HedraSoul.SoulyContextAssemblerTest" assertions="6" time="0.047779"/>
        <testcase name="test_snapshot_risk_classification" file="C:\Users\hedra\Desktop\Sourcecode\NexusV2\Nexus-backend\tests\Unit\HedraSoul\SoulyContextAssemblerTest.php" line="324" class="Tests\Unit\HedraSoul\SoulyContextAssemblerTest" classname="Tests.Unit.HedraSoul.SoulyContextAssemblerTest" assertions="2" time="0.055398"/>
      </testsuite>
      <testsuite name="Tests\Unit\HedraSoul\SoulyInstructionVersionServiceTest" file="C:\Users\hedra\Desktop\Sourcecode\NexusV2\Nexus-backend\tests\Unit\HedraSoul\SoulyInstructionVersionServiceTest.php" tests="16" assertions="145" errors="0" failures="0" skipped="0" time="0.985147">
        <testcase name="test_create_draft_produces_draft_status" file="C:\Users\hedra\Desktop\Sourcecode\NexusV2\Nexus-backend\tests\Unit\HedraSoul\SoulyInstructionVersionServiceTest.php" line="53" class="Tests\Unit\HedraSoul\SoulyInstructionVersionServiceTest" classname="Tests.Unit.HedraSoul.SoulyInstructionVersionServiceTest" assertions="4" time="0.048642"/>
        <testcase name="test_create_draft_increments_version_number" file="C:\Users\hedra\Desktop\Sourcecode\NexusV2\Nexus-backend\tests\Unit\HedraSoul\SoulyInstructionVersionServiceTest.php" line="73" class="Tests\Unit\HedraSoul\SoulyInstructionVersionServiceTest" classname="Tests.Unit.HedraSoul.SoulyInstructionVersionServiceTest" assertions="3" time="0.050200"/>
        <testcase name="test_activate_sets_version_to_active" file="C:\Users\hedra\Desktop\Sourcecode\NexusV2\Nexus-backend\tests\Unit\HedraSoul\SoulyInstructionVersionServiceTest.php" line="88" class="Tests\Unit\HedraSoul\SoulyInstructionVersionServiceTest" classname="Tests.Unit.HedraSoul.SoulyInstructionVersionServiceTest" assertions="3" time="0.059155"/>
        <testcase name="test_activate_archives_previous_active" file="C:\Users\hedra\Desktop\Sourcecode\NexusV2\Nexus-backend\tests\Unit\HedraSoul\SoulyInstructionVersionServiceTest.php" line="103" class="Tests\Unit\HedraSoul\SoulyInstructionVersionServiceTest" classname="Tests.Unit.HedraSoul.SoulyInstructionVersionServiceTest" assertions="3" time="0.050261"/>
        <testcase name="test_rollback_activates_prior_version" file="C:\Users\hedra\Desktop\Sourcecode\NexusV2\Nexus-backend\tests\Unit\HedraSoul\SoulyInstructionVersionServiceTest.php" line="129" class="Tests\Unit\HedraSoul\SoulyInstructionVersionServiceTest" classname="Tests.Unit.HedraSoul.SoulyInstructionVersionServiceTest" assertions="2" time="0.074817"/>
        <testcase name="test_test_sandbox_returns_response" file="C:\Users\hedra\Desktop\Sourcecode\NexusV2\Nexus-backend\tests\Unit\HedraSoul\SoulyInstructionVersionServiceTest.php" line="150" class="Tests\Unit\HedraSoul\SoulyInstructionVersionServiceTest" classname="Tests.Unit.HedraSoul.SoulyInstructionVersionServiceTest" assertions="2" time="0.062550"/>
        <testcase name="test_test_sandbox_persists_no_side_effects" file="C:\Users\hedra\Desktop\Sourcecode\NexusV2\Nexus-backend\tests\Unit\HedraSoul\SoulyInstructionVersionServiceTest.php" line="163" class="Tests\Unit\HedraSoul\SoulyInstructionVersionServiceTest" classname="Tests.Unit.HedraSoul.SoulyInstructionVersionServiceTest" assertions="1" time="0.053636"/>
        <testcase name="test_pbt_activate_maintains_single_active_version" file="C:\Users\hedra\Desktop\Sourcecode\NexusV2\Nexus-backend\tests\Unit\HedraSoul\SoulyInstructionVersionServiceTest.php" line="179" class="Tests\Unit\HedraSoul\SoulyInstructionVersionServiceTest" classname="Tests.Unit.HedraSoul.SoulyInstructionVersionServiceTest" assertions="100" time="0.175531"/>
        <testcase name="test_diff_returns_version_info" file="C:\Users\hedra\Desktop\Sourcecode\NexusV2\Nexus-backend\tests\Unit\HedraSoul\SoulyInstructionVersionServiceTest.php" line="204" class="Tests\Unit\HedraSoul\SoulyInstructionVersionServiceTest" classname="Tests.Unit.HedraSoul.SoulyInstructionVersionServiceTest" assertions="6" time="0.043259"/>
        <testcase name="test_get_versions_returns_all" file="C:\Users\hedra\Desktop\Sourcecode\NexusV2\Nexus-backend\tests\Unit\HedraSoul\SoulyInstructionVersionServiceTest.php" line="224" class="Tests\Unit\HedraSoul\SoulyInstructionVersionServiceTest" classname="Tests.Unit.HedraSoul.SoulyInstructionVersionServiceTest" assertions="2" time="0.035381"/>
        <testcase name="test_get_versions_with_status_filter" file="C:\Users\hedra\Desktop\Sourcecode\NexusV2\Nexus-backend\tests\Unit\HedraSoul\SoulyInstructionVersionServiceTest.php" line="239" class="Tests\Unit\HedraSoul\SoulyInstructionVersionServiceTest" classname="Tests.Unit.HedraSoul.SoulyInstructionVersionServiceTest" assertions="2" time="0.044498"/>
        <testcase name="test_get_active_returns_current_active" file="C:\Users\hedra\Desktop\Sourcecode\NexusV2\Nexus-backend\tests\Unit\HedraSoul\SoulyInstructionVersionServiceTest.php" line="256" class="Tests\Unit\HedraSoul\SoulyInstructionVersionServiceTest" classname="Tests.Unit.HedraSoul.SoulyInstructionVersionServiceTest" assertions="3" time="0.061414"/>
        <testcase name="test_activate_updates_runtime_profile" file="C:\Users\hedra\Desktop\Sourcecode\NexusV2\Nexus-backend\tests\Unit\HedraSoul\SoulyInstructionVersionServiceTest.php" line="271" class="Tests\Unit\HedraSoul\SoulyInstructionVersionServiceTest" classname="Tests.Unit.HedraSoul.SoulyInstructionVersionServiceTest" assertions="1" time="0.041615"/>
        <testcase name="test_rollback_complex_scenario" file="C:\Users\hedra\Desktop\Sourcecode\NexusV2\Nexus-backend\tests\Unit\HedraSoul\SoulyInstructionVersionServiceTest.php" line="283" class="Tests\Unit\HedraSoul\SoulyInstructionVersionServiceTest" classname="Tests.Unit.HedraSoul.SoulyInstructionVersionServiceTest" assertions="3" time="0.055787"/>
        <testcase name="test_version_numbers_always_increase" file="C:\Users\hedra\Desktop\Sourcecode\NexusV2\Nexus-backend\tests\Unit\HedraSoul\SoulyInstructionVersionServiceTest.php" line="311" class="Tests\Unit\HedraSoul\SoulyInstructionVersionServiceTest" classname="Tests.Unit.HedraSoul.SoulyInstructionVersionServiceTest" assertions="9" time="0.056609"/>
        <testcase name="test_content_preserved_through_lifecycle" file="C:\Users\hedra\Desktop\Sourcecode\NexusV2\Nexus-backend\tests\Unit\HedraSoul\SoulyInstructionVersionServiceTest.php" line="328" class="Tests\Unit\HedraSoul\SoulyInstructionVersionServiceTest" classname="Tests.Unit.HedraSoul.SoulyInstructionVersionServiceTest" assertions="1" time="0.071792"/>
      </testsuite>
      <testsuite name="Tests\Unit\IntentRoutingEngineTest" file="C:\Users\hedra\Desktop\Sourcecode\NexusV2\Nexus-backend\tests\Unit\IntentRoutingEngineTest.php" tests="5" assertions="15" errors="0" failures="0" skipped="0" time="0.287137">
        <testcase name="it_resolves_intent_to_provider_and_model" file="C:\Users\hedra\Desktop\Sourcecode\NexusV2\Nexus-backend\tests\Unit\IntentRoutingEngineTest.php" line="17" class="Tests\Unit\IntentRoutingEngineTest" classname="Tests.Unit.IntentRoutingEngineTest" assertions="3" time="0.059561"/>
        <testcase name="it_returns_null_for_unknown_intent" file="C:\Users\hedra\Desktop\Sourcecode\NexusV2\Nexus-backend\tests\Unit\IntentRoutingEngineTest.php" line="41" class="Tests\Unit\IntentRoutingEngineTest" classname="Tests.Unit.IntentRoutingEngineTest" assertions="1" time="0.056455"/>
        <testcase name="it_gets_fallback_options" file="C:\Users\hedra\Desktop\Sourcecode\NexusV2\Nexus-backend\tests\Unit\IntentRoutingEngineTest.php" line="51" class="Tests\Unit\IntentRoutingEngineTest" classname="Tests.Unit.IntentRoutingEngineTest" assertions="4" time="0.057575"/>
        <testcase name="it_creates_or_updates_intent_routing" file="C:\Users\hedra\Desktop\Sourcecode\NexusV2\Nexus-backend\tests\Unit\IntentRoutingEngineTest.php" line="82" class="Tests\Unit\IntentRoutingEngineTest" classname="Tests.Unit.IntentRoutingEngineTest" assertions="5" time="0.061706"/>
        <testcase name="it_deletes_intent_routing" file="C:\Users\hedra\Desktop\Sourcecode\NexusV2\Nexus-backend\tests\Unit\IntentRoutingEngineTest.php" line="126" class="Tests\Unit\IntentRoutingEngineTest" classname="Tests.Unit.IntentRoutingEngineTest" assertions="2" time="0.051840"/>
      </testsuite>
      <testsuite name="Tests\Unit\LogServiceTest" file="C:\Users\hedra\Desktop\Sourcecode\NexusV2\Nexus-backend\tests\Unit\LogServiceTest.php" tests="14" assertions="43" errors="0" failures="0" skipped="0" time="0.594487">
        <testcase name="test_log_creates_record" file="C:\Users\hedra\Desktop\Sourcecode\NexusV2\Nexus-backend\tests\Unit\LogServiceTest.php" line="22" class="Tests\Unit\LogServiceTest" classname="Tests.Unit.LogServiceTest" assertions="4" time="0.035334"/>
        <testcase name="test_log_with_all_levels" file="C:\Users\hedra\Desktop\Sourcecode\NexusV2\Nexus-backend\tests\Unit\LogServiceTest.php" line="32" class="Tests\Unit\LogServiceTest" classname="Tests.Unit.LogServiceTest" assertions="16" time="0.044217"/>
        <testcase name="test_log_with_related_entity" file="C:\Users\hedra\Desktop\Sourcecode\NexusV2\Nexus-backend\tests\Unit\LogServiceTest.php" line="46" class="Tests\Unit\LogServiceTest" classname="Tests.Unit.LogServiceTest" assertions="2" time="0.043535"/>
        <testcase name="test_log_with_context" file="C:\Users\hedra\Desktop\Sourcecode\NexusV2\Nexus-backend\tests\Unit\LogServiceTest.php" line="58" class="Tests\Unit\LogServiceTest" classname="Tests.Unit.LogServiceTest" assertions="1" time="0.058859"/>
        <testcase name="test_get_stats" file="C:\Users\hedra\Desktop\Sourcecode\NexusV2\Nexus-backend\tests\Unit\LogServiceTest.php" line="69" class="Tests\Unit\LogServiceTest" classname="Tests.Unit.LogServiceTest" assertions="3" time="0.042552"/>
        <testcase name="test_get_levels" file="C:\Users\hedra\Desktop\Sourcecode\NexusV2\Nexus-backend\tests\Unit\LogServiceTest.php" line="81" class="Tests\Unit\LogServiceTest" classname="Tests.Unit.LogServiceTest" assertions="3" time="0.038244"/>
        <testcase name="test_get_channels" file="C:\Users\hedra\Desktop\Sourcecode\NexusV2\Nexus-backend\tests\Unit\LogServiceTest.php" line="90" class="Tests\Unit\LogServiceTest" classname="Tests.Unit.LogServiceTest" assertions="2" time="0.027443"/>
        <testcase name="test_get_errors" file="C:\Users\hedra\Desktop\Sourcecode\NexusV2\Nexus-backend\tests\Unit\LogServiceTest.php" line="101" class="Tests\Unit\LogServiceTest" classname="Tests.Unit.LogServiceTest" assertions="1" time="0.038757"/>
        <testcase name="test_get_by_id" file="C:\Users\hedra\Desktop\Sourcecode\NexusV2\Nexus-backend\tests\Unit\LogServiceTest.php" line="112" class="Tests\Unit\LogServiceTest" classname="Tests.Unit.LogServiceTest" assertions="1" time="0.040293"/>
        <testcase name="test_delete" file="C:\Users\hedra\Desktop\Sourcecode\NexusV2\Nexus-backend\tests\Unit\LogServiceTest.php" line="121" class="Tests\Unit\LogServiceTest" classname="Tests.Unit.LogServiceTest" assertions="2" time="0.045890"/>
        <testcase name="test_delete_nonexistent_returns_false" file="C:\Users\hedra\Desktop\Sourcecode\NexusV2\Nexus-backend\tests\Unit\LogServiceTest.php" line="131" class="Tests\Unit\LogServiceTest" classname="Tests.Unit.LogServiceTest" assertions="1" time="0.038334"/>
        <testcase name="test_by_channel" file="C:\Users\hedra\Desktop\Sourcecode\NexusV2\Nexus-backend\tests\Unit\LogServiceTest.php" line="138" class="Tests\Unit\LogServiceTest" classname="Tests.Unit.LogServiceTest" assertions="1" time="0.041159"/>
        <testcase name="test_clear_old_logs" file="C:\Users\hedra\Desktop\Sourcecode\NexusV2\Nexus-backend\tests\Unit\LogServiceTest.php" line="148" class="Tests\Unit\LogServiceTest" classname="Tests.Unit.LogServiceTest" assertions="3" time="0.046646"/>
        <testcase name="test_log_related_helper" file="C:\Users\hedra\Desktop\Sourcecode\NexusV2\Nexus-backend\tests\Unit\LogServiceTest.php" line="164" class="Tests\Unit\LogServiceTest" classname="Tests.Unit.LogServiceTest" assertions="3" time="0.053223"/>
      </testsuite>
      <testsuite name="Tests\Unit\ModelTest" file="C:\Users\hedra\Desktop\Sourcecode\NexusV2\Nexus-backend\tests\Unit\ModelTest.php" tests="85" assertions="158" errors="0" failures="0" skipped="0" time="3.401382">
        <testcase name="test_agent_has_correct_fillable_attributes" file="C:\Users\hedra\Desktop\Sourcecode\NexusV2\Nexus-backend\tests\Unit\ModelTest.php" line="22" class="Tests\Unit\ModelTest" classname="Tests.Unit.ModelTest" assertions="1" time="0.042921"/>
        <testcase name="test_agent_has_correct_casts" file="C:\Users\hedra\Desktop\Sourcecode\NexusV2\Nexus-backend\tests\Unit\ModelTest.php" line="33" class="Tests\Unit\ModelTest" classname="Tests.Unit.ModelTest" assertions="5" time="0.035029"/>
        <testcase name="test_agent_default_status_is_idle" file="C:\Users\hedra\Desktop\Sourcecode\NexusV2\Nexus-backend\tests\Unit\ModelTest.php" line="44" class="Tests\Unit\ModelTest" classname="Tests.Unit.ModelTest" assertions="1" time="0.026586"/>
        <testcase name="test_agent_default_is_active_is_true" file="C:\Users\hedra\Desktop\Sourcecode\NexusV2\Nexus-backend\tests\Unit\ModelTest.php" line="50" class="Tests\Unit\ModelTest" classname="Tests.Unit.ModelTest" assertions="1" time="0.025872"/>
        <testcase name="test_agent_type_constants_exist" file="C:\Users\hedra\Desktop\Sourcecode\NexusV2\Nexus-backend\tests\Unit\ModelTest.php" line="56" class="Tests\Unit\ModelTest" classname="Tests.Unit.ModelTest" assertions="5" time="0.036648"/>
        <testcase name="test_agent_status_constants_exist" file="C:\Users\hedra\Desktop\Sourcecode\NexusV2\Nexus-backend\tests\Unit\ModelTest.php" line="65" class="Tests\Unit\ModelTest" classname="Tests.Unit.ModelTest" assertions="5" time="0.031330"/>
        <testcase name="test_agent_can_be_created_with_factory" file="C:\Users\hedra\Desktop\Sourcecode\NexusV2\Nexus-backend\tests\Unit\ModelTest.php" line="74" class="Tests\Unit\ModelTest" classname="Tests.Unit.ModelTest" assertions="3" time="0.031436"/>
        <testcase name="test_agent_has_tools_relationship" file="C:\Users\hedra\Desktop\Sourcecode\NexusV2\Nexus-backend\tests\Unit\ModelTest.php" line="82" class="Tests\Unit\ModelTest" classname="Tests.Unit.ModelTest" assertions="1" time="0.037201"/>
        <testcase name="test_agent_has_skills_relationship" file="C:\Users\hedra\Desktop\Sourcecode\NexusV2\Nexus-backend\tests\Unit\ModelTest.php" line="89" class="Tests\Unit\ModelTest" classname="Tests.Unit.ModelTest" assertions="1" time="0.028678"/>
        <testcase name="test_agent_has_tasks_relationship" file="C:\Users\hedra\Desktop\Sourcecode\NexusV2\Nexus-backend\tests\Unit\ModelTest.php" line="96" class="Tests\Unit\ModelTest" classname="Tests.Unit.ModelTest" assertions="1" time="0.030360"/>
        <testcase name="test_agent_active_tools_returns_only_active" file="C:\Users\hedra\Desktop\Sourcecode\NexusV2\Nexus-backend\tests\Unit\ModelTest.php" line="103" class="Tests\Unit\ModelTest" classname="Tests.Unit.ModelTest" assertions="2" time="0.048734"/>
        <testcase name="test_agent_is_running_returns_true_when_running" file="C:\Users\hedra\Desktop\Sourcecode\NexusV2\Nexus-backend\tests\Unit\ModelTest.php" line="114" class="Tests\Unit\ModelTest" classname="Tests.Unit.ModelTest" assertions="1" time="0.049300"/>
        <testcase name="test_agent_is_idle_returns_true_when_idle" file="C:\Users\hedra\Desktop\Sourcecode\NexusV2\Nexus-backend\tests\Unit\ModelTest.php" line="120" class="Tests\Unit\ModelTest" classname="Tests.Unit.ModelTest" assertions="1" time="0.062603"/>
        <testcase name="test_agent_has_error_returns_true_when_error" file="C:\Users\hedra\Desktop\Sourcecode\NexusV2\Nexus-backend\tests\Unit\ModelTest.php" line="126" class="Tests\Unit\ModelTest" classname="Tests.Unit.ModelTest" assertions="1" time="0.072728"/>
        <testcase name="test_agent_get_success_rate_returns_zero_when_no_executions" file="C:\Users\hedra\Desktop\Sourcecode\NexusV2\Nexus-backend\tests\Unit\ModelTest.php" line="132" class="Tests\Unit\ModelTest" classname="Tests.Unit.ModelTest" assertions="1" time="0.060227"/>
        <testcase name="test_agent_get_success_rate_calculates_correctly" file="C:\Users\hedra\Desktop\Sourcecode\NexusV2\Nexus-backend\tests\Unit\ModelTest.php" line="138" class="Tests\Unit\ModelTest" classname="Tests.Unit.ModelTest" assertions="1" time="0.056917"/>
        <testcase name="test_agent_increment_execution_updates_counters" file="C:\Users\hedra\Desktop\Sourcecode\NexusV2\Nexus-backend\tests\Unit\ModelTest.php" line="147" class="Tests\Unit\ModelTest" classname="Tests.Unit.ModelTest" assertions="2" time="0.063837"/>
        <testcase name="test_agent_record_success_updates_status" file="C:\Users\hedra\Desktop\Sourcecode\NexusV2\Nexus-backend\tests\Unit\ModelTest.php" line="156" class="Tests\Unit\ModelTest" classname="Tests.Unit.ModelTest" assertions="2" time="0.047582"/>
        <testcase name="test_agent_record_error_updates_status" file="C:\Users\hedra\Desktop\Sourcecode\NexusV2\Nexus-backend\tests\Unit\ModelTest.php" line="168" class="Tests\Unit\ModelTest" classname="Tests.Unit.ModelTest" assertions="2" time="0.040847"/>
        <testcase name="test_agent_scope_by_type_filters_correctly" file="C:\Users\hedra\Desktop\Sourcecode\NexusV2\Nexus-backend\tests\Unit\ModelTest.php" line="180" class="Tests\Unit\ModelTest" classname="Tests.Unit.ModelTest" assertions="2" time="0.051880"/>
        <testcase name="test_agent_scope_active_filters_correctly" file="C:\Users\hedra\Desktop\Sourcecode\NexusV2\Nexus-backend\tests\Unit\ModelTest.php" line="190" class="Tests\Unit\ModelTest" classname="Tests.Unit.ModelTest" assertions="2" time="0.054486"/>
        <testcase name="test_agent_type_label_attribute" file="C:\Users\hedra\Desktop\Sourcecode\NexusV2\Nexus-backend\tests\Unit\ModelTest.php" line="200" class="Tests\Unit\ModelTest" classname="Tests.Unit.ModelTest" assertions="2" time="0.055006"/>
        <testcase name="test_agent_status_label_attribute" file="C:\Users\hedra\Desktop\Sourcecode\NexusV2\Nexus-backend\tests\Unit\ModelTest.php" line="209" class="Tests\Unit\ModelTest" classname="Tests.Unit.ModelTest" assertions="2" time="0.040058"/>
        <testcase name="test_workflow_has_correct_fillable_attributes" file="C:\Users\hedra\Desktop\Sourcecode\NexusV2\Nexus-backend\tests\Unit\ModelTest.php" line="220" class="Tests\Unit\ModelTest" classname="Tests.Unit.ModelTest" assertions="1" time="0.032426"/>
        <testcase name="test_workflow_has_correct_casts" file="C:\Users\hedra\Desktop\Sourcecode\NexusV2\Nexus-backend\tests\Unit\ModelTest.php" line="231" class="Tests\Unit\ModelTest" classname="Tests.Unit.ModelTest" assertions="6" time="0.032804"/>
        <testcase name="test_workflow_default_status_is_draft" file="C:\Users\hedra\Desktop\Sourcecode\NexusV2\Nexus-backend\tests\Unit\ModelTest.php" line="243" class="Tests\Unit\ModelTest" classname="Tests.Unit.ModelTest" assertions="1" time="0.029826"/>
        <testcase name="test_workflow_default_trigger_type_is_manual" file="C:\Users\hedra\Desktop\Sourcecode\NexusV2\Nexus-backend\tests\Unit\ModelTest.php" line="249" class="Tests\Unit\ModelTest" classname="Tests.Unit.ModelTest" assertions="1" time="0.032966"/>
        <testcase name="test_workflow_status_constants_exist" file="C:\Users\hedra\Desktop\Sourcecode\NexusV2\Nexus-backend\tests\Unit\ModelTest.php" line="255" class="Tests\Unit\ModelTest" classname="Tests.Unit.ModelTest" assertions="7" time="0.028367"/>
        <testcase name="test_workflow_trigger_constants_exist" file="C:\Users\hedra\Desktop\Sourcecode\NexusV2\Nexus-backend\tests\Unit\ModelTest.php" line="266" class="Tests\Unit\ModelTest" classname="Tests.Unit.ModelTest" assertions="4" time="0.028015"/>
        <testcase name="test_workflow_can_be_created_with_factory" file="C:\Users\hedra\Desktop\Sourcecode\NexusV2\Nexus-backend\tests\Unit\ModelTest.php" line="274" class="Tests\Unit\ModelTest" classname="Tests.Unit.ModelTest" assertions="2" time="0.030813"/>
        <testcase name="test_workflow_has_tasks_relationship" file="C:\Users\hedra\Desktop\Sourcecode\NexusV2\Nexus-backend\tests\Unit\ModelTest.php" line="281" class="Tests\Unit\ModelTest" classname="Tests.Unit.ModelTest" assertions="1" time="0.029590"/>
        <testcase name="test_workflow_is_running_returns_true_when_running" file="C:\Users\hedra\Desktop\Sourcecode\NexusV2\Nexus-backend\tests\Unit\ModelTest.php" line="288" class="Tests\Unit\ModelTest" classname="Tests.Unit.ModelTest" assertions="1" time="0.034290"/>
        <testcase name="test_workflow_is_draft_returns_true_when_draft" file="C:\Users\hedra\Desktop\Sourcecode\NexusV2\Nexus-backend\tests\Unit\ModelTest.php" line="294" class="Tests\Unit\ModelTest" classname="Tests.Unit.ModelTest" assertions="1" time="0.029841"/>
        <testcase name="test_workflow_can_execute_returns_true_for_draft_active_workflow" file="C:\Users\hedra\Desktop\Sourcecode\NexusV2\Nexus-backend\tests\Unit\ModelTest.php" line="300" class="Tests\Unit\ModelTest" classname="Tests.Unit.ModelTest" assertions="1" time="0.050661"/>
        <testcase name="test_workflow_can_execute_returns_false_when_inactive" file="C:\Users\hedra\Desktop\Sourcecode\NexusV2\Nexus-backend\tests\Unit\ModelTest.php" line="309" class="Tests\Unit\ModelTest" classname="Tests.Unit.ModelTest" assertions="1" time="0.054869"/>
        <testcase name="test_workflow_get_success_rate_calculates_correctly" file="C:\Users\hedra\Desktop\Sourcecode\NexusV2\Nexus-backend\tests\Unit\ModelTest.php" line="318" class="Tests\Unit\ModelTest" classname="Tests.Unit.ModelTest" assertions="1" time="0.033045"/>
        <testcase name="test_workflow_progress_attribute_calculates_correctly" file="C:\Users\hedra\Desktop\Sourcecode\NexusV2\Nexus-backend\tests\Unit\ModelTest.php" line="327" class="Tests\Unit\ModelTest" classname="Tests.Unit.ModelTest" assertions="1" time="0.026727"/>
        <testcase name="test_workflow_progress_returns_zero_for_empty_steps" file="C:\Users\hedra\Desktop\Sourcecode\NexusV2\Nexus-backend\tests\Unit\ModelTest.php" line="339" class="Tests\Unit\ModelTest" classname="Tests.Unit.ModelTest" assertions="1" time="0.042271"/>
        <testcase name="test_workflow_total_steps_attribute" file="C:\Users\hedra\Desktop\Sourcecode\NexusV2\Nexus-backend\tests\Unit\ModelTest.php" line="345" class="Tests\Unit\ModelTest" classname="Tests.Unit.ModelTest" assertions="1" time="0.039388"/>
        <testcase name="test_workflow_completed_steps_attribute" file="C:\Users\hedra\Desktop\Sourcecode\NexusV2\Nexus-backend\tests\Unit\ModelTest.php" line="357" class="Tests\Unit\ModelTest" classname="Tests.Unit.ModelTest" assertions="1" time="0.030260"/>
        <testcase name="test_workflow_scope_by_status_filters_correctly" file="C:\Users\hedra\Desktop\Sourcecode\NexusV2\Nexus-backend\tests\Unit\ModelTest.php" line="369" class="Tests\Unit\ModelTest" classname="Tests.Unit.ModelTest" assertions="1" time="0.031127"/>
        <testcase name="test_workflow_scope_active_filters_correctly" file="C:\Users\hedra\Desktop\Sourcecode\NexusV2\Nexus-backend\tests\Unit\ModelTest.php" line="378" class="Tests\Unit\ModelTest" classname="Tests.Unit.ModelTest" assertions="1" time="0.039168"/>
        <testcase name="test_workflow_status_label_attribute" file="C:\Users\hedra\Desktop\Sourcecode\NexusV2\Nexus-backend\tests\Unit\ModelTest.php" line="387" class="Tests\Unit\ModelTest" classname="Tests.Unit.ModelTest" assertions="1" time="0.029037"/>
        <testcase name="test_workflow_trigger_type_label_attribute" file="C:\Users\hedra\Desktop\Sourcecode\NexusV2\Nexus-backend\tests\Unit\ModelTest.php" line="393" class="Tests\Unit\ModelTest" classname="Tests.Unit.ModelTest" assertions="1" time="0.031204"/>
        <testcase name="test_setting_has_correct_fillable_attributes" file="C:\Users\hedra\Desktop\Sourcecode\NexusV2\Nexus-backend\tests\Unit\ModelTest.php" line="401" class="Tests\Unit\ModelTest" classname="Tests.Unit.ModelTest" assertions="1" time="0.025010"/>
        <testcase name="test_setting_has_correct_casts" file="C:\Users\hedra\Desktop\Sourcecode\NexusV2\Nexus-backend\tests\Unit\ModelTest.php" line="410" class="Tests\Unit\ModelTest" classname="Tests.Unit.ModelTest" assertions="3" time="0.032891"/>
        <testcase name="test_setting_type_constants_exist" file="C:\Users\hedra\Desktop\Sourcecode\NexusV2\Nexus-backend\tests\Unit\ModelTest.php" line="419" class="Tests\Unit\ModelTest" classname="Tests.Unit.ModelTest" assertions="5" time="0.036172"/>
        <testcase name="test_setting_group_constants_exist" file="C:\Users\hedra\Desktop\Sourcecode\NexusV2\Nexus-backend\tests\Unit\ModelTest.php" line="428" class="Tests\Unit\ModelTest" classname="Tests.Unit.ModelTest" assertions="6" time="0.034001"/>
        <testcase name="test_setting_can_be_created_with_factory" file="C:\Users\hedra\Desktop\Sourcecode\NexusV2\Nexus-backend\tests\Unit\ModelTest.php" line="438" class="Tests\Unit\ModelTest" classname="Tests.Unit.ModelTest" assertions="2" time="0.062353"/>
        <testcase name="test_setting_get_typed_value_returns_boolean" file="C:\Users\hedra\Desktop\Sourcecode\NexusV2\Nexus-backend\tests\Unit\ModelTest.php" line="445" class="Tests\Unit\ModelTest" classname="Tests.Unit.ModelTest" assertions="1" time="0.075289"/>
        <testcase name="test_setting_get_typed_value_returns_integer" file="C:\Users\hedra\Desktop\Sourcecode\NexusV2\Nexus-backend\tests\Unit\ModelTest.php" line="454" class="Tests\Unit\ModelTest" classname="Tests.Unit.ModelTest" assertions="1" time="0.056346"/>
        <testcase name="test_setting_get_typed_value_returns_json" file="C:\Users\hedra\Desktop\Sourcecode\NexusV2\Nexus-backend\tests\Unit\ModelTest.php" line="463" class="Tests\Unit\ModelTest" classname="Tests.Unit.ModelTest" assertions="1" time="0.053657"/>
        <testcase name="test_setting_scope_by_group_filters_correctly" file="C:\Users\hedra\Desktop\Sourcecode\NexusV2\Nexus-backend\tests\Unit\ModelTest.php" line="472" class="Tests\Unit\ModelTest" classname="Tests.Unit.ModelTest" assertions="1" time="0.062715"/>
        <testcase name="test_setting_scope_public_filters_correctly" file="C:\Users\hedra\Desktop\Sourcecode\NexusV2\Nexus-backend\tests\Unit\ModelTest.php" line="481" class="Tests\Unit\ModelTest" classname="Tests.Unit.ModelTest" assertions="2" time="0.037272"/>
        <testcase name="test_setting_group_label_attribute" file="C:\Users\hedra\Desktop\Sourcecode\NexusV2\Nexus-backend\tests\Unit\ModelTest.php" line="491" class="Tests\Unit\ModelTest" classname="Tests.Unit.ModelTest" assertions="2" time="0.042041"/>
        <testcase name="test_contact_has_correct_fillable_attributes" file="C:\Users\hedra\Desktop\Sourcecode\NexusV2\Nexus-backend\tests\Unit\ModelTest.php" line="502" class="Tests\Unit\ModelTest" classname="Tests.Unit.ModelTest" assertions="1" time="0.034102"/>
        <testcase name="test_contact_type_constants_exist" file="C:\Users\hedra\Desktop\Sourcecode\NexusV2\Nexus-backend\tests\Unit\ModelTest.php" line="515" class="Tests\Unit\ModelTest" classname="Tests.Unit.ModelTest" assertions="8" time="0.025966"/>
        <testcase name="test_contact_can_be_created_with_factory" file="C:\Users\hedra\Desktop\Sourcecode\NexusV2\Nexus-backend\tests\Unit\ModelTest.php" line="527" class="Tests\Unit\ModelTest" classname="Tests.Unit.ModelTest" assertions="2" time="0.027110"/>
        <testcase name="test_contact_has_conversations_relationship" file="C:\Users\hedra\Desktop\Sourcecode\NexusV2\Nexus-backend\tests\Unit\ModelTest.php" line="534" class="Tests\Unit\ModelTest" classname="Tests.Unit.ModelTest" assertions="1" time="0.030683"/>
        <testcase name="test_contact_has_notes_relationship" file="C:\Users\hedra\Desktop\Sourcecode\NexusV2\Nexus-backend\tests\Unit\ModelTest.php" line="541" class="Tests\Unit\ModelTest" classname="Tests.Unit.ModelTest" assertions="1" time="0.030425"/>
        <testcase name="test_contact_has_memories_relationship" file="C:\Users\hedra\Desktop\Sourcecode\NexusV2\Nexus-backend\tests\Unit\ModelTest.php" line="548" class="Tests\Unit\ModelTest" classname="Tests.Unit.ModelTest" assertions="1" time="0.037251"/>
        <testcase name="test_contact_scope_of_type_filters_correctly" file="C:\Users\hedra\Desktop\Sourcecode\NexusV2\Nexus-backend\tests\Unit\ModelTest.php" line="555" class="Tests\Unit\ModelTest" classname="Tests.Unit.ModelTest" assertions="2" time="0.037341"/>
        <testcase name="test_contact_scope_search_filters_by_name" file="C:\Users\hedra\Desktop\Sourcecode\NexusV2\Nexus-backend\tests\Unit\ModelTest.php" line="565" class="Tests\Unit\ModelTest" classname="Tests.Unit.ModelTest" assertions="2" time="0.030752"/>
        <testcase name="test_contact_scope_search_filters_by_email" file="C:\Users\hedra\Desktop\Sourcecode\NexusV2\Nexus-backend\tests\Unit\ModelTest.php" line="575" class="Tests\Unit\ModelTest" classname="Tests.Unit.ModelTest" assertions="1" time="0.031040"/>
        <testcase name="test_contact_type_label_attribute" file="C:\Users\hedra\Desktop\Sourcecode\NexusV2\Nexus-backend\tests\Unit\ModelTest.php" line="584" class="Tests\Unit\ModelTest" classname="Tests.Unit.ModelTest" assertions="2" time="0.034511"/>
        <testcase name="test_contact_get_available_types_returns_all_types" file="C:\Users\hedra\Desktop\Sourcecode\NexusV2\Nexus-backend\tests\Unit\ModelTest.php" line="593" class="Tests\Unit\ModelTest" classname="Tests.Unit.ModelTest" assertions="3" time="0.035127"/>
        <testcase name="test_memory_has_correct_fillable_attributes" file="C:\Users\hedra\Desktop\Sourcecode\NexusV2\Nexus-backend\tests\Unit\ModelTest.php" line="603" class="Tests\Unit\ModelTest" classname="Tests.Unit.ModelTest" assertions="1" time="0.053128"/>
        <testcase name="test_memory_has_correct_casts" file="C:\Users\hedra\Desktop\Sourcecode\NexusV2\Nexus-backend\tests\Unit\ModelTest.php" line="612" class="Tests\Unit\ModelTest" classname="Tests.Unit.ModelTest" assertions="4" time="0.042193"/>
        <testcase name="test_memory_belongs_to_contact" file="C:\Users\hedra\Desktop\Sourcecode\NexusV2\Nexus-backend\tests\Unit\ModelTest.php" line="622" class="Tests\Unit\ModelTest" classname="Tests.Unit.ModelTest" assertions="1" time="0.041447"/>
        <testcase name="test_memory_belongs_to_conversation" file="C:\Users\hedra\Desktop\Sourcecode\NexusV2\Nexus-backend\tests\Unit\ModelTest.php" line="629" class="Tests\Unit\ModelTest" classname="Tests.Unit.ModelTest" assertions="1" time="0.028285"/>
        <testcase name="test_message_has_correct_fillable_attributes" file="C:\Users\hedra\Desktop\Sourcecode\NexusV2\Nexus-backend\tests\Unit\ModelTest.php" line="642" class="Tests\Unit\ModelTest" classname="Tests.Unit.ModelTest" assertions="1" time="0.025429"/>
        <testcase name="test_message_has_correct_casts" file="C:\Users\hedra\Desktop\Sourcecode\NexusV2\Nexus-backend\tests\Unit\ModelTest.php" line="652" class="Tests\Unit\ModelTest" classname="Tests.Unit.ModelTest" assertions="3" time="0.026978"/>
        <testcase name="test_message_belongs_to_conversation" file="C:\Users\hedra\Desktop\Sourcecode\NexusV2\Nexus-backend\tests\Unit\ModelTest.php" line="661" class="Tests\Unit\ModelTest" classname="Tests.Unit.ModelTest" assertions="1" time="0.040142"/>
        <testcase name="test_conversation_has_correct_fillable_attributes" file="C:\Users\hedra\Desktop\Sourcecode\NexusV2\Nexus-backend\tests\Unit\ModelTest.php" line="671" class="Tests\Unit\ModelTest" classname="Tests.Unit.ModelTest" assertions="1" time="0.030218"/>
        <testcase name="test_conversation_has_correct_casts" file="C:\Users\hedra\Desktop\Sourcecode\NexusV2\Nexus-backend\tests\Unit\ModelTest.php" line="679" class="Tests\Unit\ModelTest" classname="Tests.Unit.ModelTest" assertions="2" time="0.029682"/>
        <testcase name="test_conversation_belongs_to_contact" file="C:\Users\hedra\Desktop\Sourcecode\NexusV2\Nexus-backend\tests\Unit\ModelTest.php" line="687" class="Tests\Unit\ModelTest" classname="Tests.Unit.ModelTest" assertions="1" time="0.062651"/>
        <testcase name="test_conversation_belongs_to_topic" file="C:\Users\hedra\Desktop\Sourcecode\NexusV2\Nexus-backend\tests\Unit\ModelTest.php" line="694" class="Tests\Unit\ModelTest" classname="Tests.Unit.ModelTest" assertions="1" time="0.063790"/>
        <testcase name="test_conversation_has_messages_relationship" file="C:\Users\hedra\Desktop\Sourcecode\NexusV2\Nexus-backend\tests\Unit\ModelTest.php" line="705" class="Tests\Unit\ModelTest" classname="Tests.Unit.ModelTest" assertions="1" time="0.049006"/>
        <testcase name="test_conversation_has_sessions_relationship" file="C:\Users\hedra\Desktop\Sourcecode\NexusV2\Nexus-backend\tests\Unit\ModelTest.php" line="713" class="Tests\Unit\ModelTest" classname="Tests.Unit.ModelTest" assertions="1" time="0.068207"/>
        <testcase name="test_base_model_has_common_casts" file="C:\Users\hedra\Desktop\Sourcecode\NexusV2\Nexus-backend\tests\Unit\ModelTest.php" line="723" class="Tests\Unit\ModelTest" classname="Tests.Unit.ModelTest" assertions="4" time="0.040876"/>
        <testcase name="test_base_model_generates_uuid" file="C:\Users\hedra\Desktop\Sourcecode\NexusV2\Nexus-backend\tests\Unit\ModelTest.php" line="733" class="Tests\Unit\ModelTest" classname="Tests.Unit.ModelTest" assertions="1" time="0.033310"/>
        <testcase name="test_base_model_scope_by_status_single_status" file="C:\Users\hedra\Desktop\Sourcecode\NexusV2\Nexus-backend\tests\Unit\ModelTest.php" line="739" class="Tests\Unit\ModelTest" classname="Tests.Unit.ModelTest" assertions="1" time="0.037604"/>
        <testcase name="test_base_model_scope_by_status_array_status" file="C:\Users\hedra\Desktop\Sourcecode\NexusV2\Nexus-backend\tests\Unit\ModelTest.php" line="748" class="Tests\Unit\ModelTest" classname="Tests.Unit.ModelTest" assertions="1" time="0.039932"/>
        <testcase name="test_base_model_scope_active_filters_correctly" file="C:\Users\hedra\Desktop\Sourcecode\NexusV2\Nexus-backend\tests\Unit\ModelTest.php" line="758" class="Tests\Unit\ModelTest" classname="Tests.Unit.ModelTest" assertions="1" time="0.031294"/>
        <testcase name="test_base_model_scope_inactive_filters_correctly" file="C:\Users\hedra\Desktop\Sourcecode\NexusV2\Nexus-backend\tests\Unit\ModelTest.php" line="767" class="Tests\Unit\ModelTest" classname="Tests.Unit.ModelTest" assertions="1" time="0.038196"/>
      </testsuite>
      <testsuite name="Tests\Unit\PayloadAdapterFactoryTest" file="C:\Users\hedra\Desktop\Sourcecode\NexusV2\Nexus-backend\tests\Unit\PayloadAdapterFactoryTest.php" tests="7" assertions="30" errors="0" failures="0" skipped="0" time="0.359676">
        <testcase name="it_adapts_payload_for_openai_format" file="C:\Users\hedra\Desktop\Sourcecode\NexusV2\Nexus-backend\tests\Unit\PayloadAdapterFactoryTest.php" line="11" class="Tests\Unit\PayloadAdapterFactoryTest" classname="Tests.Unit.PayloadAdapterFactoryTest" assertions="4" time="0.050865"/>
        <testcase name="it_adapts_payload_for_anthropic_format" file="C:\Users\hedra\Desktop\Sourcecode\NexusV2\Nexus-backend\tests\Unit\PayloadAdapterFactoryTest.php" line="35" class="Tests\Unit\PayloadAdapterFactoryTest" classname="Tests.Unit.PayloadAdapterFactoryTest" assertions="5" time="0.047868"/>
        <testcase name="it_adapts_payload_for_groq_format" file="C:\Users\hedra\Desktop\Sourcecode\NexusV2\Nexus-backend\tests\Unit\PayloadAdapterFactoryTest.php" line="63" class="Tests\Unit\PayloadAdapterFactoryTest" classname="Tests.Unit.PayloadAdapterFactoryTest" assertions="4" time="0.054276"/>
        <testcase name="it_adapts_payload_for_gemini_format" file="C:\Users\hedra\Desktop\Sourcecode\NexusV2\Nexus-backend\tests\Unit\PayloadAdapterFactoryTest.php" line="87" class="Tests\Unit\PayloadAdapterFactoryTest" classname="Tests.Unit.PayloadAdapterFactoryTest" assertions="5" time="0.051920"/>
        <testcase name="it_adapts_response_from_openai_format" file="C:\Users\hedra\Desktop\Sourcecode\NexusV2\Nexus-backend\tests\Unit\PayloadAdapterFactoryTest.php" line="112" class="Tests\Unit\PayloadAdapterFactoryTest" classname="Tests.Unit.PayloadAdapterFactoryTest" assertions="4" time="0.053844"/>
        <testcase name="it_adapts_response_from_anthropic_format" file="C:\Users\hedra\Desktop\Sourcecode\NexusV2\Nexus-backend\tests\Unit\PayloadAdapterFactoryTest.php" line="147" class="Tests\Unit\PayloadAdapterFactoryTest" classname="Tests.Unit.PayloadAdapterFactoryTest" assertions="4" time="0.048776"/>
        <testcase name="it_adapts_response_from_gemini_format" file="C:\Users\hedra\Desktop\Sourcecode\NexusV2\Nexus-backend\tests\Unit\PayloadAdapterFactoryTest.php" line="179" class="Tests\Unit\PayloadAdapterFactoryTest" classname="Tests.Unit.PayloadAdapterFactoryTest" assertions="4" time="0.052127"/>
      </testsuite>
      <testsuite name="Tests\Unit\ServiceTest" file="C:\Users\hedra\Desktop\Sourcecode\NexusV2\Nexus-backend\tests\Unit\ServiceTest.php" tests="67" assertions="94" errors="0" failures="0" skipped="0" time="2.939383">
        <testcase name="test_agent_lifecycle_initialize_sets_running_status" file="C:\Users\hedra\Desktop\Sourcecode\NexusV2\Nexus-backend\tests\Unit\ServiceTest.php" line="25" class="Tests\Unit\ServiceTest" classname="Tests.Unit.ServiceTest" assertions="3" time="0.052710"/>
        <testcase name="test_agent_lifecycle_transition_to_valid_status" file="C:\Users\hedra\Desktop\Sourcecode\NexusV2\Nexus-backend\tests\Unit\ServiceTest.php" line="37" class="Tests\Unit\ServiceTest" classname="Tests.Unit.ServiceTest" assertions="1" time="0.052457"/>
        <testcase name="test_agent_lifecycle_transition_to_invalid_status_throws_exception" file="C:\Users\hedra\Desktop\Sourcecode\NexusV2\Nexus-backend\tests\Unit\ServiceTest.php" line="47" class="Tests\Unit\ServiceTest" classname="Tests.Unit.ServiceTest" assertions="1" time="0.046888"/>
        <testcase name="test_agent_lifecycle_idle_sets_idle_status" file="C:\Users\hedra\Desktop\Sourcecode\NexusV2\Nexus-backend\tests\Unit\ServiceTest.php" line="56" class="Tests\Unit\ServiceTest" classname="Tests.Unit.ServiceTest" assertions="1" time="0.041260"/>
        <testcase name="test_agent_lifecycle_pause_sets_paused_status" file="C:\Users\hedra\Desktop\Sourcecode\NexusV2\Nexus-backend\tests\Unit\ServiceTest.php" line="66" class="Tests\Unit\ServiceTest" classname="Tests.Unit.ServiceTest" assertions="1" time="0.066336"/>
        <testcase name="test_agent_lifecycle_resume_sets_running_status" file="C:\Users\hedra\Desktop\Sourcecode\NexusV2\Nexus-backend\tests\Unit\ServiceTest.php" line="76" class="Tests\Unit\ServiceTest" classname="Tests.Unit.ServiceTest" assertions="1" time="0.061488"/>
        <testcase name="test_agent_lifecycle_complete_records_success" file="C:\Users\hedra\Desktop\Sourcecode\NexusV2\Nexus-backend\tests\Unit\ServiceTest.php" line="86" class="Tests\Unit\ServiceTest" classname="Tests.Unit.ServiceTest" assertions="2" time="0.048073"/>
        <testcase name="test_agent_lifecycle_fail_records_error" file="C:\Users\hedra\Desktop\Sourcecode\NexusV2\Nexus-backend\tests\Unit\ServiceTest.php" line="100" class="Tests\Unit\ServiceTest" classname="Tests.Unit.ServiceTest" assertions="2" time="0.049593"/>
        <testcase name="test_agent_lifecycle_can_transition_returns_true_for_valid" file="C:\Users\hedra\Desktop\Sourcecode\NexusV2\Nexus-backend\tests\Unit\ServiceTest.php" line="114" class="Tests\Unit\ServiceTest" classname="Tests.Unit.ServiceTest" assertions="1" time="0.054064"/>
        <testcase name="test_agent_lifecycle_can_transition_returns_false_for_invalid" file="C:\Users\hedra\Desktop\Sourcecode\NexusV2\Nexus-backend\tests\Unit\ServiceTest.php" line="122" class="Tests\Unit\ServiceTest" classname="Tests.Unit.ServiceTest" assertions="1" time="0.046347"/>
        <testcase name="test_agent_lifecycle_get_available_transitions" file="C:\Users\hedra\Desktop\Sourcecode\NexusV2\Nexus-backend\tests\Unit\ServiceTest.php" line="130" class="Tests\Unit\ServiceTest" classname="Tests.Unit.ServiceTest" assertions="1" time="0.074529"/>
        <testcase name="test_agent_lifecycle_get_lifecycle_state" file="C:\Users\hedra\Desktop\Sourcecode\NexusV2\Nexus-backend\tests\Unit\ServiceTest.php" line="140" class="Tests\Unit\ServiceTest" classname="Tests.Unit.ServiceTest" assertions="2" time="0.052366"/>
        <testcase name="test_agent_configuration_load_returns_merged_config" file="C:\Users\hedra\Desktop\Sourcecode\NexusV2\Nexus-backend\tests\Unit\ServiceTest.php" line="151" class="Tests\Unit\ServiceTest" classname="Tests.Unit.ServiceTest" assertions="2" time="0.062558"/>
        <testcase name="test_agent_configuration_get_returns_specific_value" file="C:\Users\hedra\Desktop\Sourcecode\NexusV2\Nexus-backend\tests\Unit\ServiceTest.php" line="162" class="Tests\Unit\ServiceTest" classname="Tests.Unit.ServiceTest" assertions="1" time="0.057026"/>
        <testcase name="test_agent_configuration_get_returns_default_for_missing" file="C:\Users\hedra\Desktop\Sourcecode\NexusV2\Nexus-backend\tests\Unit\ServiceTest.php" line="172" class="Tests\Unit\ServiceTest" classname="Tests.Unit.ServiceTest" assertions="1" time="0.057883"/>
        <testcase name="test_agent_configuration_set_updates_setting" file="C:\Users\hedra\Desktop\Sourcecode\NexusV2\Nexus-backend\tests\Unit\ServiceTest.php" line="182" class="Tests\Unit\ServiceTest" classname="Tests.Unit.ServiceTest" assertions="1" time="0.055455"/>
        <testcase name="test_agent_configuration_update_bulk_updates_settings" file="C:\Users\hedra\Desktop\Sourcecode\NexusV2\Nexus-backend\tests\Unit\ServiceTest.php" line="192" class="Tests\Unit\ServiceTest" classname="Tests.Unit.ServiceTest" assertions="2" time="0.058727"/>
        <testcase name="test_agent_configuration_reset_restores_defaults" file="C:\Users\hedra\Desktop\Sourcecode\NexusV2\Nexus-backend\tests\Unit\ServiceTest.php" line="203" class="Tests\Unit\ServiceTest" classname="Tests.Unit.ServiceTest" assertions="1" time="0.045646"/>
        <testcase name="test_agent_configuration_validate_returns_errors_for_missing_required" file="C:\Users\hedra\Desktop\Sourcecode\NexusV2\Nexus-backend\tests\Unit\ServiceTest.php" line="213" class="Tests\Unit\ServiceTest" classname="Tests.Unit.ServiceTest" assertions="1" time="0.067257"/>
        <testcase name="test_agent_configuration_validate_returns_errors_for_wrong_type" file="C:\Users\hedra\Desktop\Sourcecode\NexusV2\Nexus-backend\tests\Unit\ServiceTest.php" line="223" class="Tests\Unit\ServiceTest" classname="Tests.Unit.ServiceTest" assertions="1" time="0.042928"/>
        <testcase name="test_agent_configuration_get_default_config" file="C:\Users\hedra\Desktop\Sourcecode\NexusV2\Nexus-backend\tests\Unit\ServiceTest.php" line="233" class="Tests\Unit\ServiceTest" classname="Tests.Unit.ServiceTest" assertions="2" time="0.039752"/>
        <testcase name="test_agent_registry_resolve_returns_agent_instance" file="C:\Users\hedra\Desktop\Sourcecode\NexusV2\Nexus-backend\tests\Unit\ServiceTest.php" line="244" class="Tests\Unit\ServiceTest" classname="Tests.Unit.ServiceTest" assertions="1" time="0.046161"/>
        <testcase name="test_agent_registry_resolve_throws_for_unknown_type" file="C:\Users\hedra\Desktop\Sourcecode\NexusV2\Nexus-backend\tests\Unit\ServiceTest.php" line="254" class="Tests\Unit\ServiceTest" classname="Tests.Unit.ServiceTest" assertions="1" time="0.030429"/>
        <testcase name="test_agent_registry_has_returns_true_for_registered_type" file="C:\Users\hedra\Desktop\Sourcecode\NexusV2\Nexus-backend\tests\Unit\ServiceTest.php" line="263" class="Tests\Unit\ServiceTest" classname="Tests.Unit.ServiceTest" assertions="1" time="0.029531"/>
[...]
        <testcase name="it_returns_null_for_cache_miss" file="C:\Users\hedra\Desktop\Sourcecode\NexusV2\Nexus-backend\tests\Feature\SemanticCacheTest.php" line="21" class="Tests\Feature\SemanticCacheTest" classname="Tests.Feature.SemanticCacheTest" assertions="1" time="0.027263"/>
        <testcase name="it_returns_cached_result_after_put" file="C:\Users\hedra\Desktop\Sourcecode\NexusV2\Nexus-backend\tests\Feature\SemanticCacheTest.php" line="28" class="Tests\Feature\SemanticCacheTest" classname="Tests.Feature.SemanticCacheTest" assertions="2" time="0.045252"/>
        <testcase name="it_distinguishes_different_prompts" file="C:\Users\hedra\Desktop\Sourcecode\NexusV2\Nexus-backend\tests\Feature\SemanticCacheTest.php" line="39" class="Tests\Feature\SemanticCacheTest" classname="Tests.Feature.SemanticCacheTest" assertions="2" time="0.035260"/>
        <testcase name="it_returns_same_cache_key_for_identical_params_different_order" file="C:\Users\hedra\Desktop\Sourcecode\NexusV2\Nexus-backend\tests\Feature\SemanticCacheTest.php" line="55" class="Tests\Feature\SemanticCacheTest" classname="Tests.Feature.SemanticCacheTest" assertions="2" time="0.030892"/>
      </testsuite>
      <testsuite name="Tests\Feature\TaskCrudTest" file="C:\Users\hedra\Desktop\Sourcecode\NexusV2\Nexus-backend\tests\Feature\TaskCrudTest.php" tests="1" assertions="15" errors="0" failures="0" skipped="0" time="0.079711">
        <testcase name="test_task_crud_and_transition_actions_work" file="C:\Users\hedra\Desktop\Sourcecode\NexusV2\Nexus-backend\tests\Feature\TaskCrudTest.php" line="14" class="Tests\Feature\TaskCrudTest" classname="Tests.Feature.TaskCrudTest" assertions="15" time="0.079711"/>
      </testsuite>
      <testsuite name="Tests\Feature\UserFlowTest" file="C:\Users\hedra\Desktop\Sourcecode\NexusV2\Nexus-backend\tests\Feature\UserFlowTest.php" tests="5" assertions="11" errors="0" failures="3" skipped="0" time="0.246229">
        <testcase name="test_contact_onboarding_flow" file="C:\Users\hedra\Desktop\Sourcecode\NexusV2\Nexus-backend\tests\Feature\UserFlowTest.php" line="19" class="Tests\Feature\UserFlowTest" classname="Tests.Feature.UserFlowTest" assertions="4" time="0.047009"/>
        <testcase name="test_workflow_execution_flow" file="C:\Users\hedra\Desktop\Sourcecode\NexusV2\Nexus-backend\tests\Feature\UserFlowTest.php" line="52" class="Tests\Feature\UserFlowTest" classname="Tests.Feature.UserFlowTest" assertions="1" time="0.033677">
          <failure type="PHPUnit\Framework\ExpectationFailedException">Tests\Feature\UserFlowTest::test_workflow_execution_flow&#13;
Expected response status code [200] but received 422.
Failed asserting that 422 is identical to 200.&#13;
&#13;
The following errors occurred during the last request:

{
    "message": "Workflow must have at least one step.",
    "errors": {
        "steps": [
            "Workflow must have at least one step."
        ]
    }
}
&#13;
C:\Users\hedra\Desktop\Sourcecode\NexusV2\Nexus-backend\vendor\laravel\framework\src\Illuminate\Testing\TestResponseAssert.php:45
C:\Users\hedra\Desktop\Sourcecode\NexusV2\Nexus-backend\vendor\laravel\framework\src\Illuminate\Testing\TestResponse.php:176
C:\Users\hedra\Desktop\Sourcecode\NexusV2\Nexus-backend\tests\Feature\UserFlowTest.php:68</failure>
        </testcase>
        <testcase name="test_agent_task_lifecycle_flow" file="C:\Users\hedra\Desktop\Sourcecode\NexusV2\Nexus-backend\tests\Feature\UserFlowTest.php" line="77" class="Tests\Feature\UserFlowTest" classname="Tests.Feature.UserFlowTest" assertions="2" time="0.054111"/>
        <testcase name="test_memory_management_flow" file="C:\Users\hedra\Desktop\Sourcecode\NexusV2\Nexus-backend\tests\Feature\UserFlowTest.php" line="106" class="Tests\Feature\UserFlowTest" classname="Tests.Feature.UserFlowTest" assertions="3" time="0.060838">
          <failure type="PHPUnit\Framework\ExpectationFailedException">Tests\Feature\UserFlowTest::test_memory_management_flow&#13;
Failed asserting that 0 is identical to 1.
&#13;
C:\Users\hedra\Desktop\Sourcecode\NexusV2\Nexus-backend\vendor\laravel\framework\src\Illuminate\Testing\AssertableJsonString.php:243
C:\Users\hedra\Desktop\Sourcecode\NexusV2\Nexus-backend\vendor\laravel\framework\src\Illuminate\Testing\TestResponse.php:875
C:\Users\hedra\Desktop\Sourcecode\NexusV2\Nexus-backend\tests\Feature\UserFlowTest.php:124</failure>
        </testcase>
        <testcase name="test_settings_management_flow" file="C:\Users\hedra\Desktop\Sourcecode\NexusV2\Nexus-backend\tests\Feature\UserFlowTest.php" line="139" class="Tests\Feature\UserFlowTest" classname="Tests.Feature.UserFlowTest" assertions="1" time="0.050594">
          <failure type="PHPUnit\Framework\ExpectationFailedException">Tests\Feature\UserFlowTest::test_settings_management_flow&#13;
Expected response status code [201] but received 500.
Failed asserting that 500 is identical to 201.&#13;
&#13;
The following exception occurred during the last request:

TypeError: App\Policies\SettingPolicy::create(): Return value must be of type bool, null returned in C:\Users\hedra\Desktop\Sourcecode\NexusV2\Nexus-backend\app\Policies\SettingPolicy.php:37
Stack trace:
#0 C:\Users\hedra\Desktop\Sourcecode\NexusV2\Nexus-backend\vendor\laravel\framework\src\Illuminate\Auth\Access\Gate.php(844): App\Policies\SettingPolicy-&gt;create(Object(App\Models\User))
#1 C:\Users\hedra\Desktop\Sourcecode\NexusV2\Nexus-backend\vendor\laravel\framework\src\Illuminate\Auth\Access\Gate.php(797): Illuminate\Auth\Access\Gate-&gt;callPolicyMethod(Object(App\Policies\SettingPolicy), 'create', Object(App\Models\User), Array)
#2 C:\Users\hedra\Desktop\Sourcecode\NexusV2\Nexus-backend\vendor\laravel\framework\src\Illuminate\Auth\Access\Gate.php(553): Illuminate\Auth\Access\Gate-&gt;{closure:Illuminate\Auth\Access\Gate::resolvePolicyCallback():780}(Object(App\Models\User), 'App\\Models\\Sett...')
#3 C:\Users\hedra\Desktop\Sourcecode\NexusV2\Nexus-backend\vendor\laravel\framework\src\Illuminate\Auth\Access\Gate.php(448): Illuminate\Auth\Access\Gate-&gt;callAuthCallback(Object(App\Models\User), 'create', Array)
#4 C:\Users\hedra\Desktop\Sourcecode\NexusV2\Nexus-backend\vendor\laravel\framework\src\Illuminate\Auth\Access\Gate.php(411): Illuminate\Auth\Access\Gate-&gt;raw('create', Array)
#5 C:\Users\hedra\Desktop\Sourcecode\NexusV2\Nexus-backend\vendor\laravel\framework\src\Illuminate\Auth\Access\Gate.php(398): Illuminate\Auth\Access\Gate-&gt;inspect('create', 'App\\Models\\Sett...')
#6 C:\Users\hedra\Desktop\Sourcecode\NexusV2\Nexus-backend\vendor\laravel\framework\src\Illuminate\Foundation\Auth\Access\AuthorizesRequests.php(25): Illuminate\Auth\Access\Gate-&gt;authorize('create', 'App\\Models\\Sett...')
#7 C:\Users\hedra\Desktop\Sourcecode\NexusV2\Nexus-backend\app\Http\Controllers\SettingController.php(150): App\Http\Controllers\Controller-&gt;authorize('create', 'App\\Models\\Sett...')
#8 C:\Users\hedra\Desktop\Sourcecode\NexusV2\Nexus-backend\vendor\laravel\framework\src\Illuminate\Routing\ControllerDispatcher.php(46): App\Http\Controllers\SettingController-&gt;store(Object(Illuminate\Http\Request))
#9 C:\Users\hedra\Desktop\Sourcecode\NexusV2\Nexus-backend\vendor\laravel\framework\src\Illuminate\Routing\Route.php(275): Illuminate\Routing\ControllerDispatcher-&gt;dispatch(Object(Illuminate\Routing\Route), Object(App\Http\Controllers\SettingController), 'store')
#10 C:\Users\hedra\Desktop\Sourcecode\NexusV2\Nexus-backend\vendor\laravel\framework\src\Illuminate\Routing\Route.php(215): Illuminate\Routing\Route-&gt;runController()
#11 C:\Users\hedra\Desktop\Sourcecode\NexusV2\Nexus-backend\vendor\laravel\framework\src\Illuminate\Routing\Router.php(822): Illuminate\Routing\Route-&gt;run()
#12 C:\Users\hedra\Desktop\Sourcecode\NexusV2\Nexus-backend\vendor\laravel\framework\src\Illuminate\Pipeline\Pipeline.php(180): Illuminate\Routing\Router-&gt;{closure:Illuminate\Routing\Router::runRouteWithinStack():821}(Object(Illuminate\Http\Request))
#13 C:\Users\hedra\Desktop\Sourcecode\NexusV2\Nexus-backend\vendor\laravel\framework\src\Illuminate\Routing\Middleware\SubstituteBindings.php(52): Illuminate\Pipeline\Pipeline-&gt;{closure:Illuminate\Pipeline\Pipeline::prepareDestination():178}(Object(Illuminate\Http\Request))
#14 C:\Users\hedra\Desktop\Sourcecode\NexusV2\Nexus-backend\vendor\laravel\framework\src\Illuminate\Pipeline\Pipeline.php(219): Illuminate\Routing\Middleware\SubstituteBindings-&gt;handle(Object(Illuminate\Http\Request), Object(Closure))
#15 C:\Users\hedra\Desktop\Sourcecode\NexusV2\Nexus-backend\vendor\laravel\framework\src\Illuminate\Auth\Middleware\Authenticate.php(63): Illuminate\Pipeline\Pipeline-&gt;{closure:{closure:Illuminate\Pipeline\Pipeline::carry():194}:195}(Object(Illuminate\Http\Request))
#16 C:\Users\hedra\Desktop\Sourcecode\NexusV2\Nexus-backend\vendor\laravel\framework\src\Illuminate\Pipeline\Pipeline.php(219): Illuminate\Auth\Middleware\Authenticate-&gt;handle(Object(Illuminate\Http\Request), Object(Closure), 'sanctum')
#17 C:\Users\hedra\Desktop\Sourcecode\NexusV2\Nexus-backend\vendor\laravel\framework\src\Illuminate\Pipeline\Pipeline.php(137): Illuminate\Pipeline\Pipeline-&gt;{closure:{closure:Illuminate\Pipeline\Pipeline::carry():194}:195}(Object(Illuminate\Http\Request))
#18 C:\Users\hedra\Desktop\Sourcecode\NexusV2\Nexus-backend\vendor\laravel\framework\src\Illuminate\Routing\Router.php(821): Illuminate\Pipeline\Pipeline-&gt;then(Object(Closure))
#19 C:\Users\hedra\Desktop\Sourcecode\NexusV2\Nexus-backend\vendor\laravel\framework\src\Illuminate\Routing\Router.php(800): Illuminate\Routing\Router-&gt;runRouteWithinStack(Object(Illuminate\Routing\Route), Object(Illuminate\Http\Request))
#20 C:\Users\hedra\Desktop\Sourcecode\NexusV2\Nexus-backend\vendor\laravel\framework\src\Illuminate\Routing\Router.php(764): Illuminate\Routing\Router-&gt;runRoute(Object(Illuminate\Http\Request), Object(Illuminate\Routing\Route))
#21 C:\Users\hedra\Desktop\Sourcecode\NexusV2\Nexus-backend\vendor\laravel\framework\src\Illuminate\Routing\Router.php(753): Illuminate\Routing\Router-&gt;dispatchToRoute(Object(Illuminate\Http\Request))
#22 C:\Users\hedra\Desktop\Sourcecode\NexusV2\Nexus-backend\vendor\laravel\framework\src\Illuminate\Foundation\Http\Kernel.php(200): Illuminate\Routing\Router-&gt;dispatch(Object(Illuminate\Http\Request))
#23 C:\Users\hedra\Desktop\Sourcecode\NexusV2\Nexus-backend\vendor\laravel\framework\src\Illuminate\Pipeline\Pipeline.php(180): Illuminate\Foundation\Http\Kernel-&gt;{closure:Illuminate\Foundation\Http\Kernel::dispatchToRouter():197}(Object(Illuminate\Http\Request))
#24 C:\Users\hedra\Desktop\Sourcecode\NexusV2\Nexus-backend\app\Http\Middleware\AutoLoginDevMiddleware.php(29): Illuminate\Pipeline\Pipeline-&gt;{closure:Illuminate\Pipeline\Pipeline::prepareDestination():178}(Object(Illuminate\Http\Request))
#25 C:\Users\hedra\Desktop\Sourcecode\NexusV2\Nexus-backend\vendor\laravel\framework\src\Illuminate\Pipeline\Pipeline.php(219): App\Http\Middleware\AutoLoginDevMiddleware-&gt;handle(Object(Illuminate\Http\Request), Object(Closure))
#26 C:\Users\hedra\Desktop\Sourcecode\NexusV2\Nexus-backend\vendor\laravel\framework\src\Illuminate\Foundation\Http\Middleware\TransformsRequest.php(21): Illuminate\Pipeline\Pipeline-&gt;{closure:{closure:Illuminate\Pipeline\Pipeline::carry():194}:195}(Object(Illuminate\Http\Request))
#27 C:\Users\hedra\Desktop\Sourcecode\NexusV2\Nexus-backend\vendor\laravel\framework\src\Illuminate\Foundation\Http\Middleware\ConvertEmptyStringsToNull.php(31): Illuminate\Foundation\Http\Middleware\TransformsRequest-&gt;handle(Object(Illuminate\Http\Request), Object(Closure))
#28 C:\Users\hedra\Desktop\Sourcecode\NexusV2\Nexus-backend\vendor\laravel\framework\src\Illuminate\Pipeline\Pipeline.php(219): Illuminate\Foundation\Http\Middleware\ConvertEmptyStringsToNull-&gt;handle(Object(Illuminate\Http\Request), Object(Closure))
#29 C:\Users\hedra\Desktop\Sourcecode\NexusV2\Nexus-backend\vendor\laravel\framework\src\Illuminate\Foundation\Http\Middleware\TransformsRequest.php(21): Illuminate\Pipeline\Pipeline-&gt;{closure:{closure:Illuminate\Pipeline\Pipeline::carry():194}:195}(Object(Illuminate\Http\Request))
#30 C:\Users\hedra\Desktop\Sourcecode\NexusV2\Nexus-backend\vendor\laravel\framework\src\Illuminate\Foundation\Http\Middleware\TrimStrings.php(51): Illuminate\Foundation\Http\Middleware\TransformsRequest-&gt;handle(Object(Illuminate\Http\Request), Object(Closure))
#31 C:\Users\hedra\Desktop\Sourcecode\NexusV2\Nexus-backend\vendor\laravel\framework\src\Illuminate\Pipeline\Pipeline.php(219): Illuminate\Foundation\Http\Middleware\TrimStrings-&gt;handle(Object(Illuminate\Http\Request), Object(Closure))
#32 C:\Users\hedra\Desktop\Sourcecode\NexusV2\Nexus-backend\vendor\laravel\framework\src\Illuminate\Http\Middleware\ValidatePostSize.php(27): Illuminate\Pipeline\Pipeline-&gt;{closure:{closure:Illuminate\Pipeline\Pipeline::carry():194}:195}(Object(Illuminate\Http\Request))
#33 C:\Users\hedra\Desktop\Sourcecode\NexusV2\Nexus-backend\vendor\laravel\framework\src\Illuminate\Pipeline\Pipeline.php(219): Illuminate\Http\Middleware\ValidatePostSize-&gt;handle(Object(Illuminate\Http\Request), Object(Closure))
#34 C:\Users\hedra\Desktop\Sourcecode\NexusV2\Nexus-backend\vendor\laravel\framework\src\Illuminate\Foundation\Http\Middleware\PreventRequestsDuringMaintenance.php(109): Illuminate\Pipeline\Pipeline-&gt;{closure:{closure:Illuminate\Pipeline\Pipeline::carry():194}:195}(Object(Illuminate\Http\Request))
#35 C:\Users\hedra\Desktop\Sourcecode\NexusV2\Nexus-backend\vendor\laravel\framework\src\Illuminate\Pipeline\Pipeline.php(219): Illuminate\Foundation\Http\Middleware\PreventRequestsDuringMaintenance-&gt;handle(Object(Illuminate\Http\Request), Object(Closure))
#36 C:\Users\hedra\Desktop\Sourcecode\NexusV2\Nexus-backend\vendor\laravel\framework\src\Illuminate\Http\Middleware\HandleCors.php(74): Illuminate\Pipeline\Pipeline-&gt;{closure:{closure:Illuminate\Pipeline\Pipeline::carry():194}:195}(Object(Illuminate\Http\Request))
#37 C:\Users\hedra\Desktop\Sourcecode\NexusV2\Nexus-backend\vendor\laravel\framework\src\Illuminate\Pipeline\Pipeline.php(219): Illuminate\Http\Middleware\HandleCors-&gt;handle(Object(Illuminate\Http\Request), Object(Closure))
#38 C:\Users\hedra\Desktop\Sourcecode\NexusV2\Nexus-backend\vendor\laravel\framework\src\Illuminate\Http\Middleware\TrustProxies.php(58): Illuminate\Pipeline\Pipeline-&gt;{closure:{closure:Illuminate\Pipeline\Pipeline::carry():194}:195}(Object(Illuminate\Http\Request))
#39 C:\Users\hedra\Desktop\Sourcecode\NexusV2\Nexus-backend\vendor\laravel\framework\src\Illuminate\Pipeline\Pipeline.php(219): Illuminate\Http\Middleware\TrustProxies-&gt;handle(Object(Illuminate\Http\Request), Object(Closure))
#40 C:\Users\hedra\Desktop\Sourcecode\NexusV2\Nexus-backend\vendor\laravel\framework\src\Illuminate\Foundation\Http\Middleware\InvokeDeferredCallbacks.php(22): Illuminate\Pipeline\Pipeline-&gt;{closure:{closure:Illuminate\Pipeline\Pipeline::carry():194}:195}(Object(Illuminate\Http\Request))
#41 C:\Users\hedra\Desktop\Sourcecode\NexusV2\Nexus-backend\vendor\laravel\framework\src\Illuminate\Pipeline\Pipeline.php(219): Illuminate\Foundation\Http\Middleware\InvokeDeferredCallbacks-&gt;handle(Object(Illuminate\Http\Request), Object(Closure))
#42 C:\Users\hedra\Desktop\Sourcecode\NexusV2\Nexus-backend\vendor\laravel\framework\src\Illuminate\Http\Middleware\ValidatePathEncoding.php(28): Illuminate\Pipeline\Pipeline-&gt;{closure:{closure:Illuminate\Pipeline\Pipeline::carry():194}:195}(Object(Illuminate\Http\Request))
#43 C:\Users\hedra\Desktop\Sourcecode\NexusV2\Nexus-backend\vendor\laravel\framework\src\Illuminate\Pipeline\Pipeline.php(219): Illuminate\Http\Middleware\ValidatePathEncoding-&gt;handle(Object(Illuminate\Http\Request), Object(Closure))
#44 C:\Users\hedra\Desktop\Sourcecode\NexusV2\Nexus-backend\vendor\laravel\framework\src\Illuminate\Pipeline\Pipeline.php(137): Illuminate\Pipeline\Pipeline-&gt;{closure:{closure:Illuminate\Pipeline\Pipeline::carry():194}:195}(Object(Illuminate\Http\Request))
#45 C:\Users\hedra\Desktop\Sourcecode\NexusV2\Nexus-backend\vendor\laravel\framework\src\Illuminate\Foundation\Http\Kernel.php(175): Illuminate\Pipeline\Pipeline-&gt;then(Object(Closure))
#46 C:\Users\hedra\Desktop\Sourcecode\NexusV2\Nexus-backend\vendor\laravel\framework\src\Illuminate\Foundation\Http\Kernel.php(144): Illuminate\Foundation\Http\Kernel-&gt;sendRequestThroughRouter(Object(Illuminate\Http\Request))
#47 C:\Users\hedra\Desktop\Sourcecode\NexusV2\Nexus-backend\vendor\laravel\framework\src\Illuminate\Foundation\Testing\Concerns\MakesHttpRequests.php(607): Illuminate\Foundation\Http\Kernel-&gt;handle(Object(Illuminate\Http\Request))
#48 C:\Users\hedra\Desktop\Sourcecode\NexusV2\Nexus-backend\vendor\laravel\framework\src\Illuminate\Foundation\Testing\Concerns\MakesHttpRequests.php(573): Illuminate\Foundation\Testing\TestCase-&gt;call('POST', '/api/v1/setting...', Array, Array, Array, Array, '{"key":"test_fe...')
#49 C:\Users\hedra\Desktop\Sourcecode\NexusV2\Nexus-backend\vendor\laravel\framework\src\Illuminate\Foundation\Testing\Concerns\MakesHttpRequests.php(411): Illuminate\Foundation\Testing\TestCase-&gt;json('POST', '/api/v1/setting...', Array, Array, 0)
#50 C:\Users\hedra\Desktop\Sourcecode\NexusV2\Nexus-backend\tests\Feature\UserFlowTest.php(144): Illuminate\Foundation\Testing\TestCase-&gt;postJson('/api/v1/setting...', Array)
#51 C:\Users\hedra\Desktop\Sourcecode\NexusV2\Nexus-backend\vendor\phpunit\phpunit\src\Framework\TestCase.php(1667): Tests\Feature\UserFlowTest-&gt;test_settings_management_flow()
#52 C:\Users\hedra\Desktop\Sourcecode\NexusV2\Nexus-backend\vendor\phpunit\phpunit\src\Framework\TestCase.php(519): PHPUnit\Framework\TestCase-&gt;runTest()
#53 C:\Users\hedra\Desktop\Sourcecode\NexusV2\Nexus-backend\vendor\phpunit\phpunit\src\Framework\TestRunner\TestRunner.php(87): PHPUnit\Framework\TestCase-&gt;runBare()
#54 C:\Users\hedra\Desktop\Sourcecode\NexusV2\Nexus-backend\vendor\phpunit\phpunit\src\Framework\TestCase.php(365): PHPUnit\Framework\TestRunner-&gt;run(Object(Tests\Feature\UserFlowTest))
#55 C:\Users\hedra\Desktop\Sourcecode\NexusV2\Nexus-backend\vendor\phpunit\phpunit\src\Framework\TestSuite.php(369): PHPUnit\Framework\TestCase-&gt;run()
#56 C:\Users\hedra\Desktop\Sourcecode\NexusV2\Nexus-backend\vendor\phpunit\phpunit\src\Framework\TestSuite.php(369): PHPUnit\Framework\TestSuite-&gt;run()
#57 C:\Users\hedra\Desktop\Sourcecode\NexusV2\Nexus-backend\vendor\phpunit\phpunit\src\Framework\TestSuite.php(369): PHPUnit\Framework\TestSuite-&gt;run()
#58 C:\Users\hedra\Desktop\Sourcecode\NexusV2\Nexus-backend\vendor\phpunit\phpunit\src\TextUI\TestRunner.php(64): PHPUnit\Framework\TestSuite-&gt;run()
#59 C:\Users\hedra\Desktop\Sourcecode\NexusV2\Nexus-backend\vendor\phpunit\phpunit\src\TextUI\Application.php(211): PHPUnit\TextUI\TestRunner-&gt;run(Object(PHPUnit\TextUI\Configuration\Configuration), Object(PHPUnit\Runner\ResultCache\DefaultResultCache), Object(PHPUnit\Framework\TestSuite))
#60 C:\Users\hedra\Desktop\Sourcecode\NexusV2\Nexus-backend\vendor\phpunit\phpunit\phpunit(104): PHPUnit\TextUI\Application-&gt;run(Array)
#61 C:\Users\hedra\Desktop\Sourcecode\NexusV2\Nexus-backend\vendor\bin\phpunit(122): include('C:\\Users\\hedra\\...')
#62 {main}

----------------------------------------------------------------------------------

App\Policies\SettingPolicy::create(): Return value must be of type bool, null returned
&#13;
C:\Users\hedra\Desktop\Sourcecode\NexusV2\Nexus-backend\vendor\laravel\framework\src\Illuminate\Testing\TestResponseAssert.php:45
C:\Users\hedra\Desktop\Sourcecode\NexusV2\Nexus-backend\vendor\laravel\framework\src\Illuminate\Testing\TestResponse.php:176
C:\Users\hedra\Desktop\Sourcecode\NexusV2\Nexus-backend\tests\Feature\UserFlowTest.php:151</failure>
        </testcase>
      </testsuite>
    </testsuite>
  </testsuite>
</testsuites>
